TN:
SF:src/.!10181!worker.ts
FNF:0
FNH:0
DA:2,0
LF:1
LH:0
BRF:0
BRH:0
end_of_record
TN:
SF:src/.!10970!worker.ts
FNF:0
FNH:0
DA:2,0
LF:1
LH:0
BRF:0
BRH:0
end_of_record
TN:
SF:src/app.instance.ts
FNF:0
FNH:0
DA:2,0
DA:5,0
DA:8,0
DA:11,0
LF:4
LH:0
BRF:0
BRH:0
end_of_record
TN:
SF:src/app.ts
FN:34,(anonymous_10)
FN:56,(anonymous_11)
FN:85,(anonymous_12)
FN:88,(anonymous_13)
FN:94,(anonymous_14)
FN:104,(anonymous_15)
FN:110,(anonymous_16)
FN:123,(anonymous_17)
FN:143,(anonymous_18)
FN:150,(anonymous_19)
FN:151,(anonymous_20)
FN:164,(anonymous_21)
FN:167,(anonymous_22)
FN:190,(anonymous_23)
FN:218,(anonymous_24)
FN:246,(anonymous_25)
FN:253,(anonymous_26)
FN:327,(anonymous_27)
FN:356,(anonymous_28)
FN:390,(anonymous_29)
FN:393,(anonymous_30)
FN:458,(anonymous_31)
FN:487,(anonymous_32)
FN:514,(anonymous_33)
FN:529,(anonymous_34)
FN:534,(anonymous_35)
FN:544,(anonymous_36)
FN:552,(anonymous_37)
FN:569,(anonymous_38)
FN:597,(anonymous_39)
FN:607,(anonymous_40)
FN:611,(anonymous_41)
FN:615,(anonymous_42)
FN:620,(anonymous_43)
FN:625,(anonymous_44)
FNF:35
FNH:0
FNDA:0,(anonymous_10)
FNDA:0,(anonymous_11)
FNDA:0,(anonymous_12)
FNDA:0,(anonymous_13)
FNDA:0,(anonymous_14)
FNDA:0,(anonymous_15)
FNDA:0,(anonymous_16)
FNDA:0,(anonymous_17)
FNDA:0,(anonymous_18)
FNDA:0,(anonymous_19)
FNDA:0,(anonymous_20)
FNDA:0,(anonymous_21)
FNDA:0,(anonymous_22)
FNDA:0,(anonymous_23)
FNDA:0,(anonymous_24)
FNDA:0,(anonymous_25)
FNDA:0,(anonymous_26)
FNDA:0,(anonymous_27)
FNDA:0,(anonymous_28)
FNDA:0,(anonymous_29)
FNDA:0,(anonymous_30)
FNDA:0,(anonymous_31)
FNDA:0,(anonymous_32)
FNDA:0,(anonymous_33)
FNDA:0,(anonymous_34)
FNDA:0,(anonymous_35)
FNDA:0,(anonymous_36)
FNDA:0,(anonymous_37)
FNDA:0,(anonymous_38)
FNDA:0,(anonymous_39)
FNDA:0,(anonymous_40)
FNDA:0,(anonymous_41)
FNDA:0,(anonymous_42)
FNDA:0,(anonymous_43)
FNDA:0,(anonymous_44)
DA:1,0
DA:2,0
DA:3,0
DA:6,0
DA:7,0
DA:8,0
DA:9,0
DA:30,0
DA:35,0
DA:48,0
DA:57,0
DA:58,0
DA:66,0
DA:67,0
DA:68,0
DA:69,0
DA:70,0
DA:71,0
DA:72,0
DA:73,0
DA:74,0
DA:75,0
DA:77,0
DA:80,0
DA:81,0
DA:86,0
DA:88,0
DA:94,0
DA:104,0
DA:109,0
DA:110,0
DA:122,0
DA:123,0
DA:143,0
DA:150,0
DA:151,0
DA:156,0
DA:159,0
DA:160,0
DA:165,0
DA:167,0
DA:168,0
DA:170,0
DA:172,0
DA:181,0
DA:184,0
DA:185,0
DA:189,0
DA:190,0
DA:191,0
DA:192,0
DA:195,0
DA:204,0
DA:212,0
DA:217,0
DA:218,0
DA:219,0
DA:220,0
DA:221,0
DA:222,0
DA:228,0
DA:238,0
DA:241,0
DA:242,0
DA:247,0
DA:248,0
DA:249,0
DA:250,0
DA:253,0
DA:254,0
DA:256,0
DA:259,0
DA:264,0
DA:269,0
DA:279,0
DA:294,0
DA:328,0
DA:329,0
DA:330,0
DA:334,0
DA:356,0
DA:357,0
DA:363,0
DA:370,0
DA:378,0
DA:385,0
DA:386,0
DA:391,0
DA:393,0
DA:394,0
DA:397,0
DA:407,0
DA:415,0
DA:416,0
DA:425,0
DA:426,0
DA:434,0
DA:435,0
DA:444,0
DA:458,0
DA:459,0
DA:465,0
DA:471,0
DA:479,0
DA:482,0
DA:483,0
DA:488,0
DA:489,0
DA:492,0
DA:515,0
DA:525,0
DA:529,0
DA:530,0
DA:534,0
DA:535,0
DA:539,0
DA:545,0
DA:546,0
DA:552,0
DA:553,0
DA:561,0
DA:564,0
DA:565,0
DA:570,0
DA:571,0
DA:576,0
DA:583,0
DA:584,0
DA:585,0
DA:589,0
DA:592,0
DA:593,0
DA:598,0
DA:599,0
DA:600,0
DA:602,0
DA:603,0
DA:608,0
DA:612,0
DA:616,0
DA:621,0
DA:626,0
DA:637,0
LF:143
LH:0
BRDA:38,0,0,0
BRDA:38,0,1,0
BRDA:39,1,0,0
BRDA:39,1,1,0
BRDA:40,2,0,0
BRDA:40,2,1,0
BRDA:42,3,0,0
BRDA:42,3,1,0
BRDA:95,4,0,0
BRDA:95,4,1,0
BRDA:109,5,0,0
BRDA:122,6,0,0
BRDA:170,7,0,0
BRDA:189,8,0,0
BRDA:191,9,0,0
BRDA:191,9,1,0
BRDA:206,10,0,0
BRDA:206,10,1,0
BRDA:217,11,0,0
BRDA:219,12,0,0
BRDA:221,13,0,0
BRDA:221,14,0,0
BRDA:221,14,1,0
BRDA:224,15,0,0
BRDA:224,15,1,0
BRDA:329,16,0,0
BRDA:329,16,1,0
BRDA:330,17,0,0
BRDA:330,17,1,0
BRDA:347,18,0,0
BRDA:347,18,1,0
BRDA:409,19,0,0
BRDA:409,19,1,0
BRDA:410,20,0,0
BRDA:410,20,1,0
BRDA:411,21,0,0
BRDA:411,21,1,0
BRDA:415,22,0,0
BRDA:425,23,0,0
BRDA:434,24,0,0
BRDA:434,25,0,0
BRDA:434,25,1,0
BRDA:437,26,0,0
BRDA:437,26,1,0
BRDA:438,27,0,0
BRDA:438,27,1,0
BRDA:446,28,0,0
BRDA:446,28,1,0
BRDA:451,29,0,0
BRDA:451,29,1,0
BRDA:521,30,0,0
BRDA:521,30,1,0
BRDA:583,31,0,0
BRF:53
BRH:0
end_of_record
TN:
SF:src/worker.ts
FN:28,(anonymous_1)
FN:36,(anonymous_2)
FN:49,(anonymous_3)
FN:62,(anonymous_4)
FN:110,(anonymous_5)
FN:116,(anonymous_6)
FN:121,(anonymous_7)
FN:124,(anonymous_8)
FN:128,(anonymous_9)
FN:135,(anonymous_10)
FN:137,(anonymous_11)
FN:146,(anonymous_12)
FN:158,(anonymous_13)
FN:214,main
FN:221,(anonymous_15)
FNF:15
FNH:0
FNDA:0,(anonymous_1)
FNDA:0,(anonymous_2)
FNDA:0,(anonymous_3)
FNDA:0,(anonymous_4)
FNDA:0,(anonymous_5)
FNDA:0,(anonymous_6)
FNDA:0,(anonymous_7)
FNDA:0,(anonymous_8)
FNDA:0,(anonymous_9)
FNDA:0,(anonymous_10)
FNDA:0,(anonymous_11)
FNDA:0,(anonymous_12)
FNDA:0,(anonymous_13)
FNDA:0,main
FNDA:0,(anonymous_15)
DA:2,0
DA:3,0
DA:4,0
DA:7,0
DA:13,0
DA:14,0
DA:16,0
DA:17,0
DA:18,0
DA:19,0
DA:26,0
DA:29,0
DA:30,0
DA:37,0
DA:49,0
DA:51,0
DA:52,0
DA:55,0
DA:63,0
DA:64,0
DA:71,0
DA:72,0
DA:73,0
DA:76,0
DA:77,0
DA:78,0
DA:81,0
DA:82,0
DA:83,0
DA:86,0
DA:87,0
DA:88,0
DA:90,0
DA:97,0
DA:102,0
DA:103,0
DA:112,0
DA:113,0
DA:116,0
DA:117,0
DA:121,0
DA:124,0
DA:125,0
DA:128,0
DA:136,0
DA:137,0
DA:138,0
DA:139,0
DA:147,0
DA:148,0
DA:149,0
DA:152,0
DA:154,0
DA:155,0
DA:158,0
DA:159,0
DA:160,0
DA:164,0
DA:165,0
DA:166,0
DA:167,0
DA:169,0
DA:173,0
DA:174,0
DA:175,0
DA:176,0
DA:178,0
DA:182,0
DA:183,0
DA:184,0
DA:185,0
DA:187,0
DA:191,0
DA:192,0
DA:193,0
DA:194,0
DA:196,0
DA:199,0
DA:200,0
DA:203,0
DA:215,0
DA:216,0
DA:220,0
DA:221,0
DA:222,0
DA:226,0
DA:230,0
LF:87
LH:0
BRDA:7,0,0,0
BRDA:7,0,1,0
BRDA:9,1,0,0
BRDA:9,1,1,0
BRDA:51,2,0,0
BRDA:98,3,0,0
BRDA:98,3,1,0
BRDA:99,4,0,0
BRDA:99,4,1,0
BRDA:147,5,0,0
BRDA:204,6,0,0
BRDA:204,6,1,0
BRDA:205,7,0,0
BRDA:205,7,1,0
BRDA:220,8,0,0
BRDA:223,9,0,0
BRDA:223,9,1,0
BRDA:224,10,0,0
BRDA:224,10,1,0
BRF:19
BRH:0
end_of_record
TN:
SF:src/api/controllers/audit.controller.ts
FN:33,(anonymous_0)
FN:80,(anonymous_1)
FN:109,(anonymous_2)
FN:159,(anonymous_3)
FN:181,(anonymous_4)
FN:209,(anonymous_5)
FN:231,(anonymous_6)
FN:278,(anonymous_7)
FN:297,(anonymous_8)
FN:312,(anonymous_9)
FN:324,(anonymous_10)
FN:329,(anonymous_11)
FN:347,(anonymous_12)
FN:350,(anonymous_13)
FN:355,(anonymous_14)
FNF:15
FNH:0
FNDA:0,(anonymous_0)
FNDA:0,(anonymous_1)
FNDA:0,(anonymous_2)
FNDA:0,(anonymous_3)
FNDA:0,(anonymous_4)
FNDA:0,(anonymous_5)
FNDA:0,(anonymous_6)
FNDA:0,(anonymous_7)
FNDA:0,(anonymous_8)
FNDA:0,(anonymous_9)
FNDA:0,(anonymous_10)
FNDA:0,(anonymous_11)
FNDA:0,(anonymous_12)
FNDA:0,(anonymous_13)
FNDA:0,(anonymous_14)
DA:3,0
DA:4,0
DA:26,0
DA:27,0
DA:37,0
DA:39,0
DA:40,0
DA:41,0
DA:46,0
DA:60,0
DA:62,0
DA:67,0
DA:77,0
DA:80,0
DA:101,0
DA:116,0
DA:117,0
DA:118,0
DA:119,0
DA:124,0
DA:127,0
DA:128,0
DA:131,0
DA:133,0
DA:138,0
DA:141,0
DA:148,0
DA:155,0
DA:159,0
DA:173,0
DA:185,0
DA:186,0
DA:187,0
DA:188,0
DA:193,0
DA:196,0
DA:198,0
DA:203,0
DA:205,0
DA:209,0
DA:223,0
DA:235,0
DA:236,0
DA:237,0
DA:238,0
DA:243,0
DA:248,0
DA:253,0
DA:254,0
DA:256,0
DA:262,0
DA:264,0
DA:274,0
DA:279,0
DA:281,0
DA:283,0
DA:285,0
DA:287,0
DA:289,0
DA:291,0
DA:293,0
DA:298,0
DA:300,0
DA:302,0
DA:308,0
DA:313,0
DA:315,0
DA:325,0
DA:326,0
DA:327,0
DA:329,0
DA:331,0
DA:334,0
DA:335,0
DA:339,0
DA:340,0
DA:343,0
DA:347,0
DA:350,0
DA:356,0
DA:358,0
DA:367,0
LF:82
LH:0
BRDA:40,0,0,0
BRDA:58,1,0,0
BRDA:59,2,0,0
BRDA:71,3,0,0
BRDA:71,3,1,0
BRDA:72,4,0,0
BRDA:72,4,1,0
BRDA:118,5,0,0
BRDA:128,6,0,0
BRDA:131,7,0,0
BRDA:150,8,0,0
BRDA:150,8,1,0
BRDA:151,9,0,0
BRDA:151,9,1,0
BRDA:187,10,0,0
BRDA:237,11,0,0
BRDA:281,12,0,0
BRDA:281,12,1,0
BRDA:281,12,2,0
BRDA:281,12,3,0
BRDA:281,12,4,0
BRDA:281,12,5,0
BRDA:283,13,0,0
BRDA:283,13,1,0
BRDA:285,14,0,0
BRDA:285,14,1,0
BRDA:287,15,0,0
BRDA:287,15,1,0
BRDA:289,16,0,0
BRDA:289,16,1,0
BRDA:291,17,0,0
BRDA:291,17,1,0
BRDA:300,18,0,0
BRDA:300,18,1,0
BRDA:303,19,0,0
BRDA:303,19,1,0
BRDA:313,20,0,0
BRDA:331,21,0,0
BRDA:331,21,1,0
BRDA:334,22,0,0
BRDA:335,23,0,0
BRDA:335,23,1,0
BRDA:340,24,0,0
BRDA:340,24,1,0
BRF:44
BRH:0
end_of_record
TN:
SF:src/api/controllers/auth.controller.ts
FN:38,(anonymous_0)
FN:46,(anonymous_1)
FN:108,(anonymous_2)
FN:168,(anonymous_3)
FN:220,(anonymous_4)
FN:261,(anonymous_5)
FN:303,(anonymous_6)
FNF:7
FNH:0
FNDA:0,(anonymous_0)
FNDA:0,(anonymous_1)
FNDA:0,(anonymous_2)
FNDA:0,(anonymous_3)
FNDA:0,(anonymous_4)
FNDA:0,(anonymous_5)
FNDA:0,(anonymous_6)
DA:3,0
DA:4,0
DA:5,0
DA:6,0
DA:7,0
DA:8,0
DA:34,0
DA:39,0
DA:40,0
DA:50,0
DA:51,0
DA:53,0
DA:55,0
DA:63,0
DA:71,0
DA:81,0
DA:83,0
DA:84,0
DA:90,0
DA:91,0
DA:97,0
DA:112,0
DA:113,0
DA:115,0
DA:117,0
DA:120,0
DA:128,0
DA:141,0
DA:143,0
DA:144,0
DA:150,0
DA:151,0
DA:157,0
DA:172,0
DA:174,0
DA:176,0
DA:177,0
DA:182,0
DA:185,0
DA:187,0
DA:190,0
DA:198,0
DA:207,0
DA:209,0
DA:224,0
DA:226,0
DA:228,0
DA:229,0
DA:230,0
DA:233,0
DA:234,0
DA:239,0
DA:243,0
DA:249,0
DA:251,0
DA:265,0
DA:267,0
DA:269,0
DA:270,0
DA:275,0
DA:278,0
DA:291,0
DA:293,0
DA:307,0
DA:308,0
DA:310,0
DA:311,0
DA:316,0
DA:319,0
DA:321,0
DA:335,0
DA:337,0
DA:350,0
LF:73
LH:0
BRDA:83,0,0,0
BRDA:83,0,1,0
BRDA:90,1,0,0
BRDA:90,1,1,0
BRDA:136,2,0,0
BRDA:136,2,1,0
BRDA:143,3,0,0
BRDA:143,3,1,0
BRDA:150,4,0,0
BRDA:150,4,1,0
BRDA:174,5,0,0
BRDA:174,5,1,0
BRDA:176,6,0,0
BRDA:202,7,0,0
BRDA:202,7,1,0
BRDA:228,8,0,0
BRDA:229,9,0,0
BRDA:229,9,1,0
BRDA:233,10,0,0
BRDA:269,11,0,0
BRDA:310,12,0,0
BRDA:330,13,0,0
BRDA:330,13,1,0
BRF:23
BRH:0
end_of_record
TN:
SF:src/api/controllers/budget.controller.ts
FN:14,(anonymous_0)
FN:21,(anonymous_1)
FN:70,(anonymous_2)
FN:128,(anonymous_3)
FN:200,(anonymous_4)
FN:280,(anonymous_5)
FN:344,(anonymous_6)
FN:348,(anonymous_7)
FN:358,(anonymous_8)
FNF:9
FNH:0
FNDA:0,(anonymous_0)
FNDA:0,(anonymous_1)
FNDA:0,(anonymous_2)
FNDA:0,(anonymous_3)
FNDA:0,(anonymous_4)
FNDA:0,(anonymous_5)
FNDA:0,(anonymous_6)
FNDA:0,(anonymous_7)
FNDA:0,(anonymous_8)
DA:5,0
DA:6,0
DA:7,0
DA:8,0
DA:9,0
DA:11,0
DA:15,0
DA:22,0
DA:23,0
DA:24,0
DA:25,0
DA:32,0
DA:33,0
DA:35,0
DA:40,0
DA:45,0
DA:50,0
DA:51,0
DA:59,0
DA:71,0
DA:72,0
DA:73,0
DA:75,0
DA:76,0
DA:83,0
DA:85,0
DA:89,0
DA:94,0
DA:100,0
DA:101,0
DA:108,0
DA:109,0
DA:117,0
DA:129,0
DA:130,0
DA:131,0
DA:132,0
DA:139,0
DA:144,0
DA:146,0
DA:152,0
DA:161,0
DA:166,0
DA:171,0
DA:172,0
DA:180,0
DA:181,0
DA:189,0
DA:201,0
DA:202,0
DA:203,0
DA:205,0
DA:206,0
DA:213,0
DA:219,0
DA:221,0
DA:225,0
DA:232,0
DA:237,0
DA:243,0
DA:244,0
DA:252,0
DA:253,0
DA:260,0
DA:261,0
DA:269,0
DA:281,0
DA:282,0
DA:283,0
DA:285,0
DA:286,0
DA:293,0
DA:295,0
DA:299,0
DA:305,0
DA:310,0
DA:316,0
DA:317,0
DA:324,0
DA:325,0
DA:333,0
DA:345,0
DA:346,0
DA:348,0
DA:349,0
DA:351,0
DA:358,0
DA:367,0
DA:371,0
LF:89
LH:0
BRDA:24,0,0,0
BRDA:32,1,0,0
BRDA:32,1,1,0
BRDA:50,2,0,0
BRDA:75,3,0,0
BRDA:100,4,0,0
BRDA:108,5,0,0
BRDA:131,6,0,0
BRDA:148,7,0,0
BRDA:148,7,1,0
BRDA:149,8,0,0
BRDA:149,8,1,0
BRDA:171,9,0,0
BRDA:180,10,0,0
BRDA:205,11,0,0
BRDA:243,12,0,0
BRDA:252,13,0,0
BRDA:260,14,0,0
BRDA:285,15,0,0
BRDA:316,16,0,0
BRDA:324,17,0,0
BRDA:346,18,0,0
BRDA:348,19,0,0
BRDA:348,19,1,0
BRF:24
BRH:0
end_of_record
TN:
SF:src/api/controllers/dashboard.controller.ts
FN:7,(anonymous_0)
FN:53,(anonymous_1)
FN:54,(anonymous_2)
FN:55,(anonymous_3)
FN:76,(anonymous_4)
FN:104,(anonymous_5)
FN:159,(anonymous_6)
FN:183,(anonymous_7)
FN:196,(anonymous_8)
FN:200,(anonymous_9)
FNF:10
FNH:0
FNDA:0,(anonymous_0)
FNDA:0,(anonymous_1)
FNDA:0,(anonymous_2)
FNDA:0,(anonymous_3)
FNDA:0,(anonymous_4)
FNDA:0,(anonymous_5)
FNDA:0,(anonymous_6)
FNDA:0,(anonymous_7)
FNDA:0,(anonymous_8)
FNDA:0,(anonymous_9)
DA:3,0
DA:6,0
DA:8,0
DA:9,0
DA:10,0
DA:13,0
DA:14,0
DA:16,0
DA:17,0
DA:25,0
DA:27,0
DA:49,0
DA:51,0
DA:53,0
DA:54,0
DA:55,0
DA:64,0
DA:66,0
DA:72,0
DA:77,0
DA:78,0
DA:81,0
DA:83,0
DA:84,0
DA:89,0
DA:100,0
DA:105,0
DA:106,0
DA:107,0
DA:109,0
DA:111,0
DA:147,0
DA:155,0
DA:160,0
DA:161,0
DA:164,0
DA:165,0
DA:167,0
DA:168,0
DA:169,0
DA:172,0
DA:174,0
DA:179,0
DA:183,0
DA:192,0
DA:197,0
DA:201,0
DA:202,0
DA:203,0
LF:49
LH:0
BRDA:10,0,0,0
BRDA:10,0,1,0
BRDA:16,1,0,0
BRDA:91,2,0,0
BRDA:91,2,1,0
BRDA:107,3,0,0
BRDA:107,3,1,0
BRDA:185,4,0,0
BRDA:185,4,1,0
BRDA:186,5,0,0
BRDA:186,5,1,0
BRDA:187,6,0,0
BRDA:187,6,1,0
BRF:13
BRH:0
end_of_record
TN:
SF:src/api/controllers/report.controller.ts
FN:17,(anonymous_0)
FN:29,(anonymous_1)
FN:129,(anonymous_2)
FN:177,(anonymous_3)
FN:226,(anonymous_4)
FN:306,(anonymous_5)
FN:352,(anonymous_6)
FN:403,(anonymous_7)
FNF:8
FNH:0
FNDA:0,(anonymous_0)
FNDA:0,(anonymous_1)
FNDA:0,(anonymous_2)
FNDA:0,(anonymous_3)
FNDA:0,(anonymous_4)
FNDA:0,(anonymous_5)
FNDA:0,(anonymous_6)
FNDA:0,(anonymous_7)
DA:10,0
DA:11,0
DA:12,0
DA:13,0
DA:16,0
DA:18,0
DA:19,0
DA:20,0
DA:21,0
DA:22,0
DA:23,0
DA:30,0
DA:31,0
DA:39,0
DA:41,0
DA:42,0
DA:46,0
DA:49,0
DA:56,0
DA:57,0
DA:59,0
DA:60,0
DA:65,0
DA:68,0
DA:81,0
DA:83,0
DA:89,0
DA:96,0
DA:102,0
DA:103,0
DA:108,0
DA:111,0
DA:112,0
DA:116,0
DA:119,0
DA:130,0
DA:131,0
DA:132,0
DA:134,0
DA:135,0
DA:139,0
DA:142,0
DA:149,0
DA:155,0
DA:162,0
DA:167,0
DA:178,0
DA:179,0
DA:180,0
DA:182,0
DA:183,0
DA:187,0
DA:190,0
DA:197,0
DA:203,0
DA:210,0
DA:216,0
DA:227,0
DA:228,0
DA:229,0
DA:231,0
DA:232,0
DA:236,0
DA:239,0
DA:250,0
DA:256,0
DA:262,0
DA:264,0
DA:265,0
DA:267,0
DA:268,0
DA:270,0
DA:281,0
DA:289,0
DA:296,0
DA:307,0
DA:308,0
DA:309,0
DA:311,0
DA:312,0
DA:316,0
DA:319,0
DA:330,0
DA:337,0
DA:342,0
DA:353,0
DA:354,0
DA:355,0
DA:357,0
DA:358,0
DA:362,0
DA:365,0
DA:368,0
DA:369,0
DA:371,0
DA:376,0
DA:379,0
DA:385,0
DA:386,0
DA:390,0
DA:393,0
DA:404,0
DA:405,0
DA:406,0
DA:408,0
DA:409,0
DA:413,0
DA:417,0
DA:418,0
DA:420,0
DA:421,0
DA:426,0
DA:429,0
DA:435,0
DA:437,0
DA:443,0
DA:450,0
DA:455,0
LF:118
LH:0
BRDA:41,0,0,0
BRDA:59,1,0,0
BRDA:76,2,0,0
BRDA:76,2,1,0
BRDA:92,3,0,0
BRDA:92,3,1,0
BRDA:102,4,0,0
BRDA:111,5,0,0
BRDA:134,6,0,0
BRDA:146,7,0,0
BRDA:146,7,1,0
BRDA:157,8,0,0
BRDA:157,8,1,0
BRDA:182,9,0,0
BRDA:194,10,0,0
BRDA:194,10,1,0
BRDA:231,11,0,0
BRDA:244,12,0,0
BRDA:244,12,1,0
BRDA:267,13,0,0
BRDA:267,13,1,0
BRDA:309,14,0,0
BRDA:309,15,0,0
BRDA:311,16,0,0
BRDA:357,17,0,0
BRDA:385,18,0,0
BRDA:406,19,0,0
BRDA:408,20,0,0
BRDA:420,21,0,0
BRDA:446,22,0,0
BRDA:446,22,1,0
BRF:31
BRH:0
end_of_record
TN:
SF:src/api/controllers/transaction.controller.ts
FN:66,(anonymous_0)
FN:78,(anonymous_1)
FN:137,(anonymous_2)
FN:180,(anonymous_3)
FN:195,(anonymous_4)
FN:234,(anonymous_5)
FN:290,(anonymous_6)
FN:328,(anonymous_7)
FN:366,(anonymous_8)
FN:404,(anonymous_9)
FN:436,(anonymous_10)
FNF:11
FNH:0
FNDA:0,(anonymous_0)
FNDA:0,(anonymous_1)
FNDA:0,(anonymous_2)
FNDA:0,(anonymous_3)
FNDA:0,(anonymous_4)
FNDA:0,(anonymous_5)
FNDA:0,(anonymous_6)
FNDA:0,(anonymous_7)
FNDA:0,(anonymous_8)
FNDA:0,(anonymous_9)
FNDA:0,(anonymous_10)
DA:3,0
DA:4,0
DA:5,0
DA:6,0
DA:8,0
DA:9,0
DA:10,0
DA:61,0
DA:68,0
DA:69,0
DA:70,0
DA:71,0
DA:82,0
DA:84,0
DA:85,0
DA:86,0
DA:91,0
DA:94,0
DA:100,0
DA:118,0
DA:120,0
DA:129,0
DA:141,0
DA:143,0
DA:144,0
DA:145,0
DA:150,0
DA:153,0
DA:158,0
DA:175,0
DA:177,0
DA:180,0
DA:187,0
DA:199,0
DA:200,0
DA:201,0
DA:202,0
DA:207,0
DA:210,0
DA:212,0
DA:219,0
DA:226,0
DA:238,0
DA:239,0
DA:240,0
DA:241,0
DA:246,0
DA:249,0
DA:251,0
DA:256,0
DA:271,0
DA:273,0
DA:282,0
DA:294,0
DA:295,0
DA:296,0
DA:297,0
DA:302,0
DA:305,0
DA:307,0
DA:313,0
DA:320,0
DA:332,0
DA:333,0
DA:334,0
DA:335,0
DA:340,0
DA:343,0
DA:345,0
DA:351,0
DA:358,0
DA:370,0
DA:371,0
DA:372,0
DA:373,0
DA:378,0
DA:381,0
DA:383,0
DA:389,0
DA:396,0
DA:408,0
DA:409,0
DA:410,0
DA:411,0
DA:416,0
DA:419,0
DA:425,0
DA:432,0
DA:437,0
DA:439,0
DA:440,0
DA:446,0
DA:447,0
DA:453,0
DA:463,0
LF:95
LH:0
BRDA:85,0,0,0
BRDA:110,1,0,0
BRDA:110,1,1,0
BRDA:111,2,0,0
BRDA:111,2,1,0
BRDA:144,3,0,0
BRDA:163,4,0,0
BRDA:163,4,1,0
BRDA:164,5,0,0
BRDA:164,5,1,0
BRDA:168,6,0,0
BRDA:168,6,1,0
BRDA:169,7,0,0
BRDA:169,7,1,0
BRDA:170,8,0,0
BRDA:170,8,1,0
BRDA:171,9,0,0
BRDA:171,9,1,0
BRDA:201,10,0,0
BRDA:240,11,0,0
BRDA:264,12,0,0
BRDA:264,12,1,0
BRDA:265,13,0,0
BRDA:265,13,1,0
BRDA:296,14,0,0
BRDA:334,15,0,0
BRDA:372,16,0,0
BRDA:410,17,0,0
BRDA:439,18,0,0
BRDA:439,18,1,0
BRDA:446,19,0,0
BRDA:446,19,1,0
BRF:32
BRH:0
end_of_record
TN:
SF:src/api/middlewares/auth.middleware.ts
FN:32,(anonymous_1)
FN:40,(anonymous_2)
FN:141,(anonymous_3)
FN:167,(anonymous_4)
FN:168,(anonymous_5)
FN:199,(anonymous_6)
FN:200,(anonymous_7)
FN:234,(anonymous_8)
FNF:8
FNH:0
FNDA:0,(anonymous_1)
FNDA:0,(anonymous_2)
FNDA:0,(anonymous_3)
FNDA:0,(anonymous_4)
FNDA:0,(anonymous_5)
FNDA:0,(anonymous_6)
FNDA:0,(anonymous_7)
FNDA:0,(anonymous_8)
DA:4,0
DA:7,0
DA:8,0
DA:31,0
DA:33,0
DA:34,0
DA:40,0
DA:41,0
DA:42,0
DA:44,0
DA:45,0
DA:49,0
DA:53,0
DA:54,0
DA:55,0
DA:59,0
DA:63,0
DA:66,0
DA:68,0
DA:70,0
DA:72,0
DA:73,0
DA:77,0
DA:81,0
DA:85,0
DA:86,0
DA:90,0
DA:94,0
DA:101,0
DA:106,0
DA:109,0
DA:115,0
DA:116,0
DA:120,0
DA:123,0
DA:124,0
DA:128,0
DA:131,0
DA:141,0
DA:142,0
DA:143,0
DA:145,0
DA:147,0
DA:148,0
DA:152,0
DA:156,0
DA:160,0
DA:167,0
DA:168,0
DA:169,0
DA:170,0
DA:174,0
DA:177,0
DA:178,0
DA:185,0
DA:189,0
DA:192,0
DA:199,0
DA:200,0
DA:201,0
DA:202,0
DA:203,0
DA:204,0
DA:207,0
DA:208,0
DA:210,0
DA:211,0
DA:215,0
DA:218,0
DA:219,0
DA:222,0
DA:226,0
DA:235,0
DA:237,0
DA:238,0
DA:241,0
DA:243,0
DA:244,0
DA:247,0
LF:79
LH:0
BRDA:44,0,0,0
BRDA:54,1,0,0
BRDA:68,2,0,0
BRDA:72,3,0,0
BRDA:85,4,0,0
BRDA:115,5,0,0
BRDA:123,6,0,0
BRDA:145,7,0,0
BRDA:169,8,0,0
BRDA:177,9,0,0
BRDA:202,10,0,0
BRDA:208,11,0,0
BRDA:208,11,1,0
BRDA:210,12,0,0
BRDA:237,13,0,0
BRDA:243,14,0,0
BRDA:243,15,0,0
BRDA:243,15,1,0
BRF:18
BRH:0
end_of_record
TN:
SF:src/api/middlewares/correlation-id.middleware.ts
FN:5,correlationId
FNF:1
FNH:0
FNDA:0,correlationId
DA:3,0
DA:5,0
DA:6,0
DA:7,0
DA:8,0
DA:9,0
LF:6
LH:0
BRDA:6,0,0,0
BRDA:6,0,1,0
BRF:2
BRH:0
end_of_record
TN:
SF:src/api/middlewares/error-handler.middleware.ts
FN:18,(anonymous_0)
FN:39,(anonymous_1)
FN:50,(anonymous_2)
FN:69,(anonymous_3)
FN:79,(anonymous_4)
FN:99,(anonymous_5)
FN:104,(anonymous_6)
FN:124,(anonymous_7)
FN:154,(anonymous_8)
FN:155,(anonymous_9)
FN:163,(anonymous_10)
FN:177,(anonymous_11)
FN:185,(anonymous_12)
FN:205,(anonymous_13)
FN:253,(anonymous_14)
FN:288,(anonymous_15)
FN:312,(anonymous_16)
FN:351,(anonymous_17)
FN:365,(anonymous_18)
FN:371,(anonymous_19)
FN:378,(anonymous_20)
FN:398,(anonymous_21)
FN:418,(anonymous_22)
FN:427,(anonymous_23)
FN:440,(anonymous_24)
FN:454,(anonymous_25)
FN:455,(anonymous_26)
FNF:27
FNH:0
FNDA:0,(anonymous_0)
FNDA:0,(anonymous_1)
FNDA:0,(anonymous_2)
FNDA:0,(anonymous_3)
FNDA:0,(anonymous_4)
FNDA:0,(anonymous_5)
FNDA:0,(anonymous_6)
FNDA:0,(anonymous_7)
FNDA:0,(anonymous_8)
FNDA:0,(anonymous_9)
FNDA:0,(anonymous_10)
FNDA:0,(anonymous_11)
FNDA:0,(anonymous_12)
FNDA:0,(anonymous_13)
FNDA:0,(anonymous_14)
FNDA:0,(anonymous_15)
FNDA:0,(anonymous_16)
FNDA:0,(anonymous_17)
FNDA:0,(anonymous_18)
FNDA:0,(anonymous_19)
FNDA:0,(anonymous_20)
FNDA:0,(anonymous_21)
FNDA:0,(anonymous_22)
FNDA:0,(anonymous_23)
FNDA:0,(anonymous_24)
FNDA:0,(anonymous_25)
FNDA:0,(anonymous_26)
DA:3,0
DA:4,0
DA:5,0
DA:6,0
DA:11,0
DA:24,0
DA:26,0
DA:27,0
DA:28,0
DA:29,0
DA:30,0
DA:33,0
DA:40,0
DA:41,0
DA:42,0
DA:44,0
DA:51,0
DA:66,0
DA:74,0
DA:75,0
DA:76,0
DA:80,0
DA:96,0
DA:100,0
DA:101,0
DA:105,0
DA:120,0
DA:124,0
DA:125,0
DA:128,0
DA:135,0
DA:138,0
DA:139,0
DA:140,0
DA:141,0
DA:142,0
DA:143,0
DA:144,0
DA:145,0
DA:147,0
DA:154,0
DA:155,0
DA:156,0
DA:164,0
DA:167,0
DA:168,0
DA:171,0
DA:183,0
DA:185,0
DA:186,0
DA:187,0
DA:188,0
DA:190,0
DA:193,0
DA:199,0
DA:214,0
DA:215,0
DA:220,0
DA:221,0
DA:226,0
DA:227,0
DA:232,0
DA:233,0
DA:239,0
DA:246,0
DA:247,0
DA:261,0
DA:262,0
DA:267,0
DA:268,0
DA:274,0
DA:281,0
DA:282,0
DA:295,0
DA:299,0
DA:305,0
DA:306,0
DA:313,0
DA:335,0
DA:336,0
DA:338,0
DA:341,0
DA:343,0
DA:352,0
DA:353,0
DA:354,0
DA:356,0
DA:357,0
DA:359,0
DA:366,0
DA:368,0
DA:369,0
DA:371,0
DA:372,0
DA:374,0
DA:376,0
DA:377,0
DA:378,0
DA:380,0
DA:381,0
DA:382,0
DA:383,0
DA:385,0
DA:389,0
DA:392,0
DA:399,0
DA:419,0
DA:427,0
DA:428,0
DA:434,0
DA:440,0
DA:441,0
DA:447,0
DA:454,0
DA:455,0
DA:456,0
DA:457,0
DA:458,0
DA:459,0
DA:461,0
DA:462,0
DA:464,0
LF:122
LH:0
BRDA:20,0,0,0
BRDA:21,1,0,0
BRDA:22,2,0,0
BRDA:41,3,0,0
BRDA:41,3,1,0
BRDA:42,4,0,0
BRDA:42,4,1,0
BRDA:57,5,0,0
BRDA:57,5,1,0
BRDA:70,6,0,0
BRDA:71,7,0,0
BRDA:87,8,0,0
BRDA:87,8,1,0
BRDA:99,9,0,0
BRDA:99,10,0,0
BRDA:125,11,0,0
BRDA:125,11,1,0
BRDA:130,12,0,0
BRDA:130,12,1,0
BRDA:138,13,0,0
BRDA:138,13,1,0
BRDA:140,14,0,0
BRDA:140,14,1,0
BRDA:142,15,0,0
BRDA:142,15,1,0
BRDA:144,16,0,0
BRDA:144,16,1,0
BRDA:167,17,0,0
BRDA:187,18,0,0
BRDA:214,19,0,0
BRDA:214,19,1,0
BRDA:220,20,0,0
BRDA:220,20,1,0
BRDA:226,21,0,0
BRDA:226,21,1,0
BRDA:232,22,0,0
BRDA:232,22,1,0
BRDA:232,23,0,0
BRDA:232,23,1,0
BRDA:261,24,0,0
BRDA:261,24,1,0
BRDA:267,25,0,0
BRDA:267,25,1,0
BRDA:295,26,0,0
BRDA:295,26,1,0
BRDA:328,27,0,0
BRDA:328,27,1,0
BRDA:335,28,0,0
BRDA:335,28,1,0
BRDA:335,29,0,0
BRDA:335,29,1,0
BRDA:341,30,0,0
BRDA:353,31,0,0
BRDA:356,32,0,0
BRDA:366,33,0,0
BRDA:366,34,0,0
BRDA:366,34,1,0
BRDA:372,35,0,0
BRDA:372,36,0,0
BRDA:372,36,1,0
BRDA:374,37,0,0
BRDA:374,37,1,0
BRDA:380,38,0,0
BRDA:380,38,1,0
BRDA:382,39,0,0
BRDA:382,39,1,0
BRDA:382,40,0,0
BRDA:382,40,1,0
BRDA:399,41,0,0
BRDA:399,41,1,0
BRDA:399,41,2,0
BRDA:399,41,3,0
BRDA:399,41,4,0
BRDA:399,41,5,0
BRDA:399,41,6,0
BRDA:399,41,7,0
BRDA:399,41,8,0
BRDA:419,42,0,0
BRDA:419,42,1,0
BRDA:419,42,2,0
BRDA:454,43,0,0
BRDA:461,44,0,0
BRDA:461,44,1,0
BRF:83
BRH:0
end_of_record
TN:
SF:src/api/middlewares/validation.middleware.ts
FN:10,validate
FN:11,(anonymous_1)
FNF:2
FNH:0
FNDA:0,validate
FNDA:0,(anonymous_1)
DA:10,0
DA:11,0
DA:12,0
DA:13,0
DA:14,0
DA:17,0
DA:18,0
DA:21,0
DA:22,0
DA:25,0
DA:27,0
LF:11
LH:0
BRDA:13,0,0,0
BRDA:17,1,0,0
BRDA:21,2,0,0
BRF:3
BRH:0
end_of_record
TN:
SF:src/api/routes/auth.routes.ts
FN:169,authRoutes
FN:205,(anonymous_1)
FN:254,(anonymous_2)
FN:340,(anonymous_3)
FNF:4
FNH:0
FNDA:0,authRoutes
FNDA:0,(anonymous_1)
FNDA:0,(anonymous_2)
FNDA:0,(anonymous_3)
DA:2,0
DA:3,0
DA:4,0
DA:35,0
DA:107,0
DA:169,0
DA:170,0
DA:173,0
DA:176,0
DA:179,0
DA:193,0
DA:206,0
DA:207,0
DA:209,0
DA:215,0
DA:221,0
DA:227,0
DA:229,0
DA:237,0
DA:255,0
DA:256,0
DA:259,0
DA:265,0
DA:270,0
DA:276,0
DA:278,0
DA:286,0
DA:300,0
DA:314,0
DA:329,0
DA:341,0
DA:342,0
DA:346,0
DA:352,0
DA:358,0
DA:364,0
DA:366,0
DA:373,0
LF:38
LH:0
BRF:0
BRH:0
end_of_record
TN:
SF:src/api/routes/budget.routes.ts
FN:14,budgetRoutes
FN:21,(anonymous_10)
FN:24,(anonymous_11)
FN:30,(anonymous_12)
FN:102,(anonymous_13)
FNF:5
FNH:0
FNDA:0,budgetRoutes
FNDA:0,(anonymous_10)
FNDA:0,(anonymous_11)
FNDA:0,(anonymous_12)
FNDA:0,(anonymous_13)
DA:3,0
DA:4,0
DA:6,0
DA:14,0
DA:17,0
DA:18,0
DA:21,0
DA:25,0
DA:30,0
DA:31,0
DA:32,0
DA:34,0
DA:45,0
DA:73,0
DA:103,0
DA:107,0
DA:115,0
DA:148,0
DA:189,0
DA:216,0
LF:20
LH:0
BRF:0
BRH:0
end_of_record
TN:
SF:src/api/routes/dashboard.routes.ts
FN:8,dashboardRoutes
FN:47,(anonymous_1)
FN:97,(anonymous_2)
FN:140,(anonymous_3)
FN:164,(anonymous_4)
FN:195,(anonymous_5)
FNF:6
FNH:0
FNDA:0,dashboardRoutes
FNDA:0,(anonymous_1)
FNDA:0,(anonymous_2)
FNDA:0,(anonymous_3)
FNDA:0,(anonymous_4)
FNDA:0,(anonymous_5)
DA:3,0
DA:4,0
DA:6,0
DA:8,0
DA:9,0
DA:12,0
DA:48,0
DA:50,0
DA:51,0
DA:52,0
DA:59,0
DA:61,0
DA:63,0
DA:71,0
DA:77,0
DA:78,0
DA:86,0
DA:98,0
DA:99,0
DA:100,0
DA:101,0
DA:107,0
DA:109,0
DA:111,0
DA:120,0
DA:121,0
DA:129,0
DA:141,0
DA:142,0
DA:143,0
DA:144,0
DA:151,0
DA:160,0
DA:164,0
DA:169,0
DA:170,0
DA:178,0
DA:196,0
DA:197,0
DA:198,0
DA:199,0
DA:205,0
DA:208,0
DA:227,0
DA:233,0
DA:234,0
DA:241,0
LF:47
LH:0
BRDA:51,0,0,0
BRDA:51,1,0,0
BRDA:51,1,1,0
BRDA:100,2,0,0
BRDA:100,3,0,0
BRDA:100,3,1,0
BRDA:143,4,0,0
BRDA:143,5,0,0
BRDA:143,5,1,0
BRDA:198,6,0,0
BRDA:198,7,0,0
BRDA:198,7,1,0
BRDA:229,8,0,0
BRDA:229,8,1,0
BRF:14
BRH:0
end_of_record
TN:
SF:src/api/routes/health.routes.ts
FN:7,(anonymous_0)
FN:43,(anonymous_1)
FN:65,(anonymous_2)
FNF:3
FNH:0
FNDA:0,(anonymous_0)
FNDA:0,(anonymous_1)
FNDA:0,(anonymous_2)
DA:2,0
DA:3,0
DA:5,0
DA:7,0
DA:8,0
DA:10,0
DA:11,0
DA:17,0
DA:19,0
DA:43,0
DA:44,0
DA:46,0
DA:48,0
DA:53,0
DA:65,0
DA:66,0
DA:68,0
DA:69,0
DA:75,0
DA:77,0
DA:110,0
DA:120,0
LF:22
LH:0
BRDA:24,0,0,0
BRDA:24,0,1,0
BRDA:25,1,0,0
BRDA:25,1,1,0
BRDA:28,2,0,0
BRDA:28,2,1,0
BRDA:28,3,0,0
BRDA:28,3,1,0
BRDA:29,4,0,0
BRDA:29,4,1,0
BRDA:32,5,0,0
BRDA:32,5,1,0
BRDA:32,6,0,0
BRDA:32,6,1,0
BRDA:33,7,0,0
BRDA:33,7,1,0
BRDA:36,8,0,0
BRDA:36,8,1,0
BRDA:36,9,0,0
BRDA:36,9,1,0
BRDA:37,10,0,0
BRDA:37,10,1,0
BRDA:44,11,0,0
BRDA:44,11,1,0
BRDA:46,12,0,0
BRDA:46,12,1,0
BRDA:95,13,0,0
BRDA:95,13,1,0
BRDA:95,14,0,0
BRDA:95,14,1,0
BRDA:99,15,0,0
BRDA:99,15,1,0
BRDA:99,16,0,0
BRDA:99,16,1,0
BRDA:103,17,0,0
BRDA:103,17,1,0
BRDA:103,18,0,0
BRDA:103,18,1,0
BRF:38
BRH:0
end_of_record
TN:
SF:src/api/routes/transaction.routes.ts
FN:11,transactionRoutes
FN:191,(anonymous_1)
FNF:2
FNH:0
FNDA:0,transactionRoutes
FNDA:0,(anonymous_1)
DA:3,0
DA:4,0
DA:11,0
DA:12,0
DA:15,0
DA:68,0
DA:97,0
DA:118,0
DA:151,0
DA:172,0
DA:192,0
DA:194,0
DA:213,0
DA:219,0
DA:220,0
DA:227,0
LF:16
LH:0
BRF:0
BRH:0
end_of_record
TN:
SF:src/api/validators/auth.validator.ts
FN:15,(anonymous_0)
FN:23,(anonymous_1)
FN:24,(anonymous_2)
FN:37,(anonymous_3)
FN:46,(anonymous_4)
FN:51,(anonymous_5)
FN:62,(anonymous_6)
FN:129,(anonymous_7)
FN:130,(anonymous_8)
FN:139,(anonymous_9)
FN:157,(anonymous_10)
FN:158,(anonymous_11)
FN:172,(anonymous_12)
FN:179,(anonymous_13)
FN:195,(anonymous_14)
FN:205,(anonymous_15)
FN:213,(anonymous_16)
FN:221,(anonymous_17)
FN:240,(anonymous_18)
FN:252,(anonymous_19)
FN:284,(anonymous_20)
FN:327,(anonymous_21)
FN:352,(anonymous_22)
FN:363,(anonymous_23)
FN:378,(anonymous_24)
FN:384,(anonymous_25)
FN:403,(anonymous_26)
FN:409,(anonymous_27)
FN:446,(anonymous_28)
FN:450,(anonymous_29)
FN:454,(anonymous_30)
FN:466,(anonymous_31)
FN:485,(anonymous_32)
FN:491,(anonymous_33)
FN:515,(anonymous_34)
FNF:35
FNH:0
FNDA:0,(anonymous_0)
FNDA:0,(anonymous_1)
FNDA:0,(anonymous_2)
FNDA:0,(anonymous_3)
FNDA:0,(anonymous_4)
FNDA:0,(anonymous_5)
FNDA:0,(anonymous_6)
FNDA:0,(anonymous_7)
FNDA:0,(anonymous_8)
FNDA:0,(anonymous_9)
FNDA:0,(anonymous_10)
FNDA:0,(anonymous_11)
FNDA:0,(anonymous_12)
FNDA:0,(anonymous_13)
FNDA:0,(anonymous_14)
FNDA:0,(anonymous_15)
FNDA:0,(anonymous_16)
FNDA:0,(anonymous_17)
FNDA:0,(anonymous_18)
FNDA:0,(anonymous_19)
FNDA:0,(anonymous_20)
FNDA:0,(anonymous_21)
FNDA:0,(anonymous_22)
FNDA:0,(anonymous_23)
FNDA:0,(anonymous_24)
FNDA:0,(anonymous_25)
FNDA:0,(anonymous_26)
FNDA:0,(anonymous_27)
FNDA:0,(anonymous_28)
FNDA:0,(anonymous_29)
FNDA:0,(anonymous_30)
FNDA:0,(anonymous_31)
FNDA:0,(anonymous_32)
FNDA:0,(anonymous_33)
FNDA:0,(anonymous_34)
DA:2,0
DA:3,0
DA:8,0
DA:15,0
DA:23,0
DA:24,0
DA:37,0
DA:46,0
DA:51,0
DA:62,0
DA:72,0
DA:102,0
DA:110,0
DA:120,0
DA:129,0
DA:130,0
DA:139,0
DA:149,0
DA:157,0
DA:158,0
DA:172,0
DA:179,0
DA:189,0
DA:195,0
DA:205,0
DA:213,0
DA:222,0
DA:223,0
DA:224,0
DA:225,0
DA:240,0
DA:252,0
DA:284,0
DA:293,0
DA:308,0
DA:327,0
DA:336,0
DA:352,0
DA:361,0
DA:363,0
DA:378,0
DA:385,0
DA:386,0
DA:388,0
DA:399,0
DA:403,0
DA:409,0
DA:446,0
DA:450,0
DA:455,0
DA:456,0
DA:458,0
DA:467,0
DA:468,0
DA:470,0
DA:481,0
DA:485,0
DA:491,0
DA:516,0
DA:517,0
DA:519,0
LF:61
LH:0
BRDA:213,0,0,0
BRDA:213,0,1,0
BRDA:225,1,0,0
BRDA:225,1,1,0
BRDA:240,2,0,0
BRDA:240,2,1,0
BRDA:327,3,0,0
BRDA:327,3,1,0
BRDA:352,4,0,0
BRDA:352,4,1,0
BRDA:385,5,0,0
BRDA:385,6,0,0
BRDA:385,6,1,0
BRDA:409,7,0,0
BRDA:409,7,1,0
BRDA:455,8,0,0
BRDA:455,9,0,0
BRDA:455,9,1,0
BRDA:467,10,0,0
BRDA:467,11,0,0
BRDA:467,11,1,0
BRDA:491,12,0,0
BRDA:491,12,1,0
BRDA:516,13,0,0
BRDA:516,14,0,0
BRDA:516,14,1,0
BRF:26
BRH:0
end_of_record
TN:
SF:src/api/validators/budget.fastify-schemas.ts
FNF:0
FNH:0
DA:4,0
DA:112,0
DA:179,0
DA:226,0
DA:267,0
LF:5
LH:0
BRF:0
BRH:0
end_of_record
TN:
SF:src/api/validators/budget.validator.old.ts
FN:68,(anonymous_0)
FN:119,(anonymous_1)
FN:121,(anonymous_2)
FN:132,(anonymous_3)
FN:135,(anonymous_4)
FN:136,(anonymous_5)
FN:147,(anonymous_6)
FN:149,(anonymous_7)
FN:165,(anonymous_8)
FN:199,(anonymous_9)
FN:203,(anonymous_10)
FN:211,(anonymous_11)
FN:233,(anonymous_12)
FN:237,(anonymous_13)
FN:241,(anonymous_14)
FN:277,(anonymous_15)
FN:284,(anonymous_16)
FNF:17
FNH:0
FNDA:0,(anonymous_0)
FNDA:0,(anonymous_1)
FNDA:0,(anonymous_2)
FNDA:0,(anonymous_3)
FNDA:0,(anonymous_4)
FNDA:0,(anonymous_5)
FNDA:0,(anonymous_6)
FNDA:0,(anonymous_7)
FNDA:0,(anonymous_8)
FNDA:0,(anonymous_9)
FNDA:0,(anonymous_10)
FNDA:0,(anonymous_11)
FNDA:0,(anonymous_12)
FNDA:0,(anonymous_13)
FNDA:0,(anonymous_14)
FNDA:0,(anonymous_15)
FNDA:0,(anonymous_16)
DA:2,0
DA:8,0
DA:42,0
DA:64,0
DA:69,0
DA:70,0
DA:71,0
DA:120,0
DA:121,0
DA:122,0
DA:124,0
DA:133,0
DA:134,0
DA:135,0
DA:136,0
DA:137,0
DA:139,0
DA:148,0
DA:149,0
DA:151,0
DA:163,0
DA:165,0
DA:174,0
DA:182,0
DA:199,0
DA:203,0
DA:212,0
DA:213,0
DA:214,0
DA:215,0
DA:217,0
DA:228,0
DA:233,0
DA:237,0
DA:241,0
DA:253,0
DA:277,0
DA:285,0
DA:286,0
DA:288,0
DA:299,0
LF:41
LH:0
BRDA:71,0,0,0
BRDA:71,0,1,0
BRDA:71,0,2,0
BRDA:71,0,3,0
BRDA:120,1,0,0
BRDA:120,2,0,0
BRDA:120,2,1,0
BRDA:133,3,0,0
BRDA:133,4,0,0
BRDA:133,4,1,0
BRDA:136,5,0,0
BRDA:136,5,1,0
BRDA:148,6,0,0
BRDA:148,6,1,0
BRDA:212,7,0,0
BRDA:212,8,0,0
BRDA:212,8,1,0
BRDA:285,9,0,0
BRDA:285,10,0,0
BRDA:285,10,1,0
BRF:20
BRH:0
end_of_record
TN:
SF:src/api/validators/budget.validator.ts
FN:24,(anonymous_0)
FN:31,(anonymous_1)
FN:32,(anonymous_2)
FN:41,(anonymous_3)
FN:42,(anonymous_4)
FN:64,(anonymous_5)
FN:77,(anonymous_6)
FN:78,(anonymous_7)
FN:79,(anonymous_8)
FNF:9
FNH:0
FNDA:0,(anonymous_0)
FNDA:0,(anonymous_1)
FNDA:0,(anonymous_2)
FNDA:0,(anonymous_3)
FNDA:0,(anonymous_4)
FNDA:0,(anonymous_5)
FNDA:0,(anonymous_6)
FNDA:0,(anonymous_7)
FNDA:0,(anonymous_8)
DA:2,0
DA:3,0
DA:6,0
DA:19,0
DA:24,0
DA:32,0
DA:33,0
DA:42,0
DA:43,0
DA:44,0
DA:60,0
DA:64,0
DA:69,0
DA:76,0
DA:77,0
DA:78,0
DA:79,0
DA:88,0
LF:18
LH:0
BRDA:78,0,0,0
BRDA:78,0,1,0
BRF:2
BRH:0
end_of_record
TN:
SF:src/api/validators/dashboard.validator.ts
FNF:0
FNH:0
DA:2,0
DA:4,0
LF:2
LH:0
BRF:0
BRH:0
end_of_record
TN:
SF:src/api/validators/transaction.validator.ts
FN:24,(anonymous_0)
FN:33,(anonymous_1)
FN:38,(anonymous_2)
FN:44,(anonymous_3)
FN:46,(anonymous_4)
FN:128,(anonymous_5)
FN:141,(anonymous_6)
FN:154,(anonymous_7)
FN:164,(anonymous_8)
FN:194,(anonymous_9)
FN:198,(anonymous_10)
FN:201,(anonymous_11)
FN:214,(anonymous_12)
FN:220,(anonymous_13)
FN:258,(anonymous_14)
FN:264,(anonymous_15)
FN:273,(anonymous_16)
FN:273,(anonymous_17)
FN:278,(anonymous_18)
FN:282,(anonymous_19)
FN:291,(anonymous_20)
FN:303,(anonymous_21)
FN:341,(anonymous_22)
FN:413,(anonymous_23)
FNF:24
FNH:0
FNDA:0,(anonymous_0)
FNDA:0,(anonymous_1)
FNDA:0,(anonymous_2)
FNDA:0,(anonymous_3)
FNDA:0,(anonymous_4)
FNDA:0,(anonymous_5)
FNDA:0,(anonymous_6)
FNDA:0,(anonymous_7)
FNDA:0,(anonymous_8)
FNDA:0,(anonymous_9)
FNDA:0,(anonymous_10)
FNDA:0,(anonymous_11)
FNDA:0,(anonymous_12)
FNDA:0,(anonymous_13)
FNDA:0,(anonymous_14)
FNDA:0,(anonymous_15)
FNDA:0,(anonymous_16)
FNDA:0,(anonymous_17)
FNDA:0,(anonymous_18)
FNDA:0,(anonymous_19)
FNDA:0,(anonymous_20)
FNDA:0,(anonymous_21)
FNDA:0,(anonymous_22)
FNDA:0,(anonymous_23)
DA:2,0
DA:7,0
DA:12,0
DA:18,0
DA:24,0
DA:33,0
DA:38,0
DA:44,0
DA:47,0
DA:48,0
DA:49,0
DA:50,0
DA:130,0
DA:131,0
DA:133,0
DA:143,0
DA:144,0
DA:146,0
DA:156,0
DA:158,0
DA:160,0
DA:166,0
DA:167,0
DA:169,0
DA:181,0
DA:194,0
DA:198,0
DA:201,0
DA:210,0
DA:214,0
DA:220,0
DA:258,0
DA:264,0
DA:273,0
DA:278,0
DA:282,0
DA:292,0
DA:293,0
DA:295,0
DA:304,0
DA:305,0
DA:307,0
DA:318,0
DA:326,0
DA:342,0
DA:343,0
DA:345,0
DA:346,0
DA:348,0
DA:358,0
DA:389,0
DA:413,0
DA:430,0
DA:431,0
LF:54
LH:0
BRDA:50,0,0,0
BRDA:50,0,1,0
BRDA:130,1,0,0
BRDA:130,2,0,0
BRDA:130,2,1,0
BRDA:143,3,0,0
BRDA:143,4,0,0
BRDA:143,4,1,0
BRDA:156,5,0,0
BRDA:156,6,0,0
BRDA:156,6,1,0
BRDA:156,6,2,0
BRDA:166,7,0,0
BRDA:166,8,0,0
BRDA:166,8,1,0
BRDA:220,9,0,0
BRDA:220,9,1,0
BRDA:292,10,0,0
BRDA:292,11,0,0
BRDA:292,11,1,0
BRDA:304,12,0,0
BRDA:304,13,0,0
BRDA:304,13,1,0
BRDA:342,14,0,0
BRDA:342,15,0,0
BRDA:342,15,1,0
BRDA:345,16,0,0
BRDA:345,17,0,0
BRDA:345,17,1,0
BRF:29
BRH:0
end_of_record
TN:
SF:src/core/application/dtos/transaction-filter.dto.ts
FNF:0
FNH:0
DA:178,0
LF:1
LH:0
BRF:0
BRH:0
end_of_record
TN:
SF:src/core/application/services/auth.service.ts
FN:41,(anonymous_1)
FN:47,(anonymous_2)
FN:91,(anonymous_3)
FN:139,(anonymous_4)
FN:173,(anonymous_5)
FN:192,(anonymous_6)
FN:211,(anonymous_7)
FN:231,(anonymous_8)
FN:271,(anonymous_9)
FNF:9
FNH:0
FNDA:0,(anonymous_1)
FNDA:0,(anonymous_2)
FNDA:0,(anonymous_3)
FNDA:0,(anonymous_4)
FNDA:0,(anonymous_5)
FNDA:0,(anonymous_6)
FNDA:0,(anonymous_7)
FNDA:0,(anonymous_8)
FNDA:0,(anonymous_9)
DA:2,0
DA:3,0
DA:4,0
DA:5,0
DA:6,0
DA:35,0
DA:36,0
DA:37,0
DA:38,0
DA:39,0
DA:42,0
DA:43,0
DA:48,0
DA:50,0
DA:56,0
DA:69,0
DA:70,0
DA:74,0
DA:76,0
DA:81,0
DA:84,0
DA:87,0
DA:92,0
DA:94,0
DA:103,0
DA:113,0
DA:122,0
DA:124,0
DA:129,0
DA:132,0
DA:135,0
DA:140,0
DA:142,0
DA:151,0
DA:159,0
DA:161,0
DA:165,0
DA:168,0
DA:169,0
DA:174,0
DA:180,0
DA:185,0
DA:188,0
DA:193,0
DA:200,0
DA:204,0
DA:208,0
DA:212,0
DA:214,0
DA:215,0
DA:216,0
DA:217,0
DA:220,0
DA:221,0
DA:222,0
DA:223,0
DA:226,0
DA:227,0
DA:232,0
DA:234,0
DA:235,0
DA:236,0
DA:237,0
DA:240,0
DA:241,0
DA:242,0
DA:243,0
DA:246,0
DA:247,0
DA:250,0
DA:251,0
DA:252,0
DA:253,0
DA:256,0
DA:257,0
DA:258,0
DA:259,0
DA:262,0
DA:263,0
DA:266,0
DA:267,0
DA:272,0
DA:273,0
DA:275,0
LF:84
LH:0
BRDA:36,0,0,0
BRDA:36,0,1,0
BRDA:37,1,0,0
BRDA:37,1,1,0
BRDA:38,2,0,0
BRDA:38,2,1,0
BRDA:39,3,0,0
BRDA:39,3,1,0
BRDA:42,4,0,0
BRDA:42,5,0,0
BRDA:42,5,1,0
BRDA:69,6,0,0
BRDA:214,7,0,0
BRDA:214,7,1,0
BRDA:216,8,0,0
BRDA:220,9,0,0
BRDA:220,9,1,0
BRDA:222,10,0,0
BRDA:226,11,0,0
BRDA:234,12,0,0
BRDA:234,12,1,0
BRDA:236,13,0,0
BRDA:240,14,0,0
BRDA:240,14,1,0
BRDA:242,15,0,0
BRDA:246,16,0,0
BRDA:250,17,0,0
BRDA:250,17,1,0
BRDA:252,18,0,0
BRDA:256,19,0,0
BRDA:256,19,1,0
BRDA:258,20,0,0
BRDA:262,21,0,0
BRDA:262,22,0,0
BRDA:262,22,1,0
BRDA:266,23,0,0
BRF:36
BRH:0
end_of_record
TN:
SF:src/core/application/services/budget-application.service.ts
FN:42,(anonymous_0)
FN:51,(anonymous_1)
FN:103,(anonymous_2)
FN:122,(anonymous_3)
FN:126,(anonymous_4)
FN:168,(anonymous_5)
FN:174,(anonymous_6)
FN:213,(anonymous_7)
FN:241,(anonymous_8)
FN:273,(anonymous_9)
FN:305,(anonymous_10)
FN:337,(anonymous_11)
FN:345,(anonymous_12)
FN:354,(anonymous_13)
FN:367,(anonymous_14)
FN:381,(anonymous_15)
FN:382,(anonymous_16)
FN:399,(anonymous_17)
FN:430,(anonymous_18)
FN:444,(anonymous_19)
FN:454,(anonymous_20)
FN:463,(anonymous_21)
FN:468,(anonymous_22)
FN:514,(anonymous_23)
FN:515,(anonymous_24)
FNF:25
FNH:0
FNDA:0,(anonymous_0)
FNDA:0,(anonymous_1)
FNDA:0,(anonymous_2)
FNDA:0,(anonymous_3)
FNDA:0,(anonymous_4)
FNDA:0,(anonymous_5)
FNDA:0,(anonymous_6)
FNDA:0,(anonymous_7)
FNDA:0,(anonymous_8)
FNDA:0,(anonymous_9)
FNDA:0,(anonymous_10)
FNDA:0,(anonymous_11)
FNDA:0,(anonymous_12)
FNDA:0,(anonymous_13)
FNDA:0,(anonymous_14)
FNDA:0,(anonymous_15)
FNDA:0,(anonymous_16)
FNDA:0,(anonymous_17)
FNDA:0,(anonymous_18)
FNDA:0,(anonymous_19)
FNDA:0,(anonymous_20)
FNDA:0,(anonymous_21)
FNDA:0,(anonymous_22)
FNDA:0,(anonymous_23)
FNDA:0,(anonymous_24)
DA:2,0
DA:3,0
DA:5,0
DA:6,0
DA:7,0
DA:8,0
DA:9,0
DA:11,0
DA:37,0
DA:40,0
DA:43,0
DA:44,0
DA:45,0
DA:46,0
DA:47,0
DA:52,0
DA:54,0
DA:56,0
DA:59,0
DA:62,0
DA:63,0
DA:66,0
DA:69,0
DA:71,0
DA:89,0
DA:95,0
DA:98,0
DA:99,0
DA:104,0
DA:106,0
DA:108,0
DA:111,0
DA:112,0
DA:115,0
DA:119,0
DA:122,0
DA:123,0
DA:126,0
DA:127,0
DA:132,0
DA:133,0
DA:136,0
DA:137,0
DA:140,0
DA:141,0
DA:144,0
DA:145,0
DA:148,0
DA:149,0
DA:150,0
DA:152,0
DA:159,0
DA:160,0
DA:163,0
DA:164,0
DA:169,0
DA:171,0
DA:181,0
DA:183,0
DA:188,0
DA:189,0
DA:191,0
DA:192,0
DA:193,0
DA:194,0
DA:196,0
DA:197,0
DA:199,0
DA:208,0
DA:209,0
DA:214,0
DA:216,0
DA:217,0
DA:227,0
DA:228,0
DA:233,0
DA:236,0
DA:237,0
DA:247,0
DA:249,0
DA:253,0
DA:254,0
DA:257,0
DA:258,0
DA:261,0
DA:268,0
DA:269,0
DA:274,0
DA:276,0
DA:282,0
DA:294,0
DA:295,0
DA:298,0
DA:299,0
DA:306,0
DA:308,0
DA:309,0
DA:312,0
DA:313,0
DA:316,0
DA:317,0
DA:320,0
DA:321,0
DA:324,0
DA:325,0
DA:328,0
DA:329,0
DA:332,0
DA:333,0
DA:338,0
DA:339,0
DA:345,0
DA:346,0
DA:347,0
DA:354,0
DA:357,0
DA:358,0
DA:367,0
DA:368,0
DA:369,0
DA:370,0
DA:375,0
DA:382,0
DA:384,0
DA:388,0
DA:400,0
DA:402,0
DA:403,0
DA:405,0
DA:406,0
DA:408,0
DA:409,0
DA:411,0
DA:412,0
DA:414,0
DA:415,0
DA:417,0
DA:418,0
DA:422,0
DA:423,0
DA:427,0
DA:441,0
DA:453,0
DA:454,0
DA:456,0
DA:457,0
DA:460,0
DA:464,0
DA:469,0
DA:496,0
DA:515,0
DA:516,0
DA:517,0
DA:520,0
DA:521,0
DA:524,0
LF:156
LH:0
BRDA:44,0,0,0
BRDA:44,0,1,0
BRDA:45,1,0,0
BRDA:111,2,0,0
BRDA:115,3,0,0
BRDA:115,3,1,0
BRDA:132,4,0,0
BRDA:136,5,0,0
BRDA:140,6,0,0
BRDA:144,7,0,0
BRDA:148,8,0,0
BRDA:149,9,0,0
BRDA:149,9,1,0
BRDA:191,10,0,0
BRDA:191,10,1,0
BRDA:192,11,0,0
BRDA:192,11,1,0
BRDA:245,12,0,0
BRDA:257,13,0,0
BRDA:308,14,0,0
BRDA:308,15,0,0
BRDA:308,15,1,0
BRDA:312,16,0,0
BRDA:316,17,0,0
BRDA:316,18,0,0
BRDA:316,18,1,0
BRDA:320,19,0,0
BRDA:324,20,0,0
BRDA:328,21,0,0
BRDA:328,22,0,0
BRDA:328,22,1,0
BRDA:332,23,0,0
BRDA:338,24,0,0
BRDA:338,25,0,0
BRDA:338,25,1,0
BRDA:346,26,0,0
BRDA:346,27,0,0
BRDA:346,27,1,0
BRDA:357,28,0,0
BRDA:369,29,0,0
BRDA:384,30,0,0
BRDA:384,30,1,0
BRDA:402,31,0,0
BRDA:403,32,0,0
BRDA:403,32,1,0
BRDA:403,32,2,0
BRDA:403,32,3,0
BRDA:403,32,4,0
BRDA:417,33,0,0
BRDA:456,34,0,0
BRDA:516,35,0,0
BRDA:516,36,0,0
BRDA:516,36,1,0
BRDA:520,37,0,0
BRDA:520,38,0,0
BRDA:520,38,1,0
BRF:56
BRH:0
end_of_record
TN:
SF:src/core/application/services/csv-import.service.ts
FN:170,(anonymous_0)
FN:232,(anonymous_1)
FN:374,(anonymous_2)
FN:459,(anonymous_3)
FN:461,(anonymous_4)
FN:470,(anonymous_5)
FN:480,(anonymous_6)
FN:493,(anonymous_7)
FN:583,(anonymous_8)
FN:621,(anonymous_9)
FN:634,(anonymous_10)
FN:637,(anonymous_11)
FN:648,(anonymous_12)
FN:660,(anonymous_13)
FN:669,(anonymous_14)
FN:670,(anonymous_15)
FN:671,(anonymous_16)
FN:671,(anonymous_17)
FN:695,(anonymous_18)
FN:729,(anonymous_19)
FN:772,(anonymous_20)
FN:776,(anonymous_21)
FN:778,(anonymous_22)
FN:779,(anonymous_23)
FN:806,(anonymous_24)
FN:829,(anonymous_25)
FN:850,(anonymous_26)
FN:851,(anonymous_27)
FN:854,(anonymous_28)
FN:857,(anonymous_29)
FN:860,(anonymous_30)
FN:870,(anonymous_31)
FN:871,(anonymous_32)
FN:874,(anonymous_33)
FN:890,(anonymous_34)
FN:891,(anonymous_35)
FN:897,(anonymous_36)
FN:942,(anonymous_37)
FNF:38
FNH:0
FNDA:0,(anonymous_0)
FNDA:0,(anonymous_1)
FNDA:0,(anonymous_2)
FNDA:0,(anonymous_3)
FNDA:0,(anonymous_4)
FNDA:0,(anonymous_5)
FNDA:0,(anonymous_6)
FNDA:0,(anonymous_7)
FNDA:0,(anonymous_8)
FNDA:0,(anonymous_9)
FNDA:0,(anonymous_10)
FNDA:0,(anonymous_11)
FNDA:0,(anonymous_12)
FNDA:0,(anonymous_13)
FNDA:0,(anonymous_14)
FNDA:0,(anonymous_15)
FNDA:0,(anonymous_16)
FNDA:0,(anonymous_17)
FNDA:0,(anonymous_18)
FNDA:0,(anonymous_19)
FNDA:0,(anonymous_20)
FNDA:0,(anonymous_21)
FNDA:0,(anonymous_22)
FNDA:0,(anonymous_23)
FNDA:0,(anonymous_24)
FNDA:0,(anonymous_25)
FNDA:0,(anonymous_26)
FNDA:0,(anonymous_27)
FNDA:0,(anonymous_28)
FNDA:0,(anonymous_29)
FNDA:0,(anonymous_30)
FNDA:0,(anonymous_31)
FNDA:0,(anonymous_32)
FNDA:0,(anonymous_33)
FNDA:0,(anonymous_34)
FNDA:0,(anonymous_35)
FNDA:0,(anonymous_36)
FNDA:0,(anonymous_37)
DA:3,0
DA:4,0
DA:5,0
DA:127,0
DA:128,0
DA:142,0
DA:171,0
DA:173,0
DA:174,0
DA:179,0
DA:182,0
DA:184,0
DA:185,0
DA:188,0
DA:189,0
DA:192,0
DA:195,0
DA:196,0
DA:197,0
DA:200,0
DA:202,0
DA:213,0
DA:219,0
DA:222,0
DA:225,0
DA:233,0
DA:234,0
DA:236,0
DA:237,0
DA:245,0
DA:248,0
DA:250,0
DA:251,0
DA:254,0
DA:255,0
DA:258,0
DA:261,0
DA:289,0
DA:290,0
DA:292,0
DA:293,0
DA:294,0
DA:295,0
DA:297,0
DA:304,0
DA:316,0
DA:318,0
DA:319,0
DA:321,0
DA:330,0
DA:333,0
DA:338,0
DA:383,0
DA:384,0
DA:385,0
DA:387,0
DA:389,0
DA:392,0
DA:394,0
DA:395,0
DA:396,0
DA:397,0
DA:400,0
DA:401,0
DA:405,0
DA:413,0
DA:414,0
DA:416,0
DA:417,0
DA:419,0
DA:420,0
DA:421,0
DA:427,0
DA:432,0
DA:433,0
DA:436,0
DA:439,0
DA:445,0
DA:451,0
DA:460,0
DA:461,0
DA:463,0
DA:465,0
DA:466,0
DA:467,0
DA:470,0
DA:471,0
DA:474,0
DA:481,0
DA:483,0
DA:484,0
DA:487,0
DA:499,0
DA:500,0
DA:503,0
DA:504,0
DA:512,0
DA:513,0
DA:521,0
DA:522,0
DA:531,0
DA:532,0
DA:533,0
DA:534,0
DA:545,0
DA:546,0
DA:547,0
DA:548,0
DA:557,0
DA:558,0
DA:566,0
DA:567,0
DA:577,0
DA:589,0
DA:590,0
DA:591,0
DA:594,0
DA:595,0
DA:596,0
DA:597,0
DA:598,0
DA:599,0
DA:600,0
DA:603,0
DA:607,0
DA:610,0
DA:621,0
DA:628,0
DA:635,0
DA:637,0
DA:638,0
DA:639,0
DA:650,0
DA:651,0
DA:653,0
DA:662,0
DA:663,0
DA:670,0
DA:671,0
DA:672,0
DA:673,0
DA:676,0
DA:677,0
DA:679,0
DA:696,0
DA:698,0
DA:699,0
DA:700,0
DA:701,0
DA:703,0
DA:704,0
DA:706,0
DA:707,0
DA:709,0
DA:710,0
DA:712,0
DA:713,0
DA:717,0
DA:718,0
DA:719,0
DA:720,0
DA:721,0
DA:723,0
DA:734,0
DA:737,0
DA:738,0
DA:742,0
DA:743,0
DA:747,0
DA:748,0
DA:752,0
DA:753,0
DA:757,0
DA:758,0
DA:762,0
DA:763,0
DA:766,0
DA:773,0
DA:776,0
DA:777,0
DA:778,0
DA:779,0
DA:782,0
DA:783,0
DA:785,0
DA:786,0
DA:788,0
DA:789,0
DA:791,0
DA:792,0
DA:794,0
DA:795,0
DA:797,0
DA:798,0
DA:800,0
DA:807,0
DA:809,0
DA:810,0
DA:813,0
DA:814,0
DA:817,0
DA:818,0
DA:821,0
DA:822,0
DA:830,0
DA:831,0
DA:833,0
DA:834,0
DA:836,0
DA:837,0
DA:838,0
DA:839,0
DA:840,0
DA:844,0
DA:851,0
DA:852,0
DA:854,0
DA:857,0
DA:858,0
DA:860,0
DA:861,0
DA:864,0
DA:871,0
DA:872,0
DA:874,0
DA:876,0
DA:877,0
DA:878,0
DA:879,0
DA:880,0
DA:881,0
DA:884,0
DA:891,0
DA:898,0
DA:900,0
DA:902,0
DA:903,0
DA:904,0
DA:905,0
DA:909,0
DA:910,0
DA:914,0
DA:915,0
DA:919,0
DA:920,0
DA:921,0
DA:923,0
DA:924,0
DA:928,0
DA:929,0
DA:930,0
DA:934,0
DA:935,0
LF:253
LH:0
BRDA:184,0,0,0
BRDA:188,1,0,0
BRDA:188,1,1,0
BRDA:189,2,0,0
BRDA:189,2,1,0
BRDA:250,3,0,0
BRDA:254,4,0,0
BRDA:254,4,1,0
BRDA:255,5,0,0
BRDA:255,5,1,0
BRDA:318,6,0,0
BRDA:318,6,1,0
BRDA:394,7,0,0
BRDA:400,8,0,0
BRDA:413,9,0,0
BRDA:416,10,0,0
BRDA:419,11,0,0
BRDA:427,12,0,0
BRDA:467,13,0,0
BRDA:483,14,0,0
BRDA:483,14,1,0
BRDA:503,15,0,0
BRDA:512,16,0,0
BRDA:521,17,0,0
BRDA:531,18,0,0
BRDA:533,19,0,0
BRDA:545,20,0,0
BRDA:547,21,0,0
BRDA:547,21,1,0
BRDA:557,22,0,0
BRDA:566,23,0,0
BRDA:595,24,0,0
BRDA:595,24,1,0
BRDA:595,25,0,0
BRDA:595,25,1,0
BRDA:597,26,0,0
BRDA:597,26,1,0
BRDA:597,27,0,0
BRDA:597,27,1,0
BRDA:597,27,2,0
BRDA:599,28,0,0
BRDA:603,29,0,0
BRDA:603,29,1,0
BRDA:617,30,0,0
BRDA:617,30,1,0
BRDA:618,31,0,0
BRDA:618,31,1,0
BRDA:619,32,0,0
BRDA:619,32,1,0
BRDA:620,33,0,0
BRDA:620,33,1,0
BRDA:621,34,0,0
BRDA:621,34,1,0
BRDA:622,35,0,0
BRDA:622,35,1,0
BRDA:623,36,0,0
BRDA:623,36,1,0
BRDA:639,37,0,0
BRDA:639,37,1,0
BRDA:639,37,2,0
BRDA:663,38,0,0
BRDA:663,38,1,0
BRDA:671,39,0,0
BRDA:671,39,1,0
BRDA:696,40,0,0
BRDA:706,41,0,0
BRDA:706,42,0,0
BRDA:706,42,1,0
BRDA:709,43,0,0
BRDA:709,44,0,0
BRDA:709,44,1,0
BRDA:712,45,0,0
BRDA:718,46,0,0
BRDA:719,47,0,0
BRDA:720,48,0,0
BRDA:721,49,0,0
BRDA:721,50,0,0
BRDA:721,50,1,0
BRDA:737,51,0,0
BRDA:737,52,0,0
BRDA:737,52,1,0
BRDA:737,52,2,0
BRDA:742,53,0,0
BRDA:742,54,0,0
BRDA:742,54,1,0
BRDA:742,54,2,0
BRDA:742,54,3,0
BRDA:747,55,0,0
BRDA:747,56,0,0
BRDA:747,56,1,0
BRDA:747,56,2,0
BRDA:752,57,0,0
BRDA:752,58,0,0
BRDA:752,58,1,0
BRDA:752,58,2,0
BRDA:757,59,0,0
BRDA:757,60,0,0
BRDA:757,60,1,0
BRDA:762,61,0,0
BRDA:762,62,0,0
BRDA:762,62,1,0
BRDA:762,62,2,0
BRDA:783,63,0,0
BRDA:786,64,0,0
BRDA:789,65,0,0
BRDA:792,66,0,0
BRDA:795,67,0,0
BRDA:798,68,0,0
BRDA:809,69,0,0
BRDA:813,70,0,0
BRDA:817,71,0,0
BRDA:821,72,0,0
BRDA:837,73,0,0
BRDA:837,73,1,0
BRDA:838,74,0,0
BRDA:852,75,0,0
BRDA:857,76,0,0
BRDA:860,77,0,0
BRDA:872,78,0,0
BRDA:878,79,0,0
BRDA:879,80,0,0
BRDA:880,81,0,0
BRDA:880,82,0,0
BRDA:880,82,1,0
BRDA:881,83,0,0
BRDA:902,84,0,0
BRDA:902,84,1,0
BRDA:904,85,0,0
BRDA:909,86,0,0
BRDA:909,87,0,0
BRDA:909,87,1,0
BRDA:914,88,0,0
BRDA:914,89,0,0
BRDA:914,89,1,0
BRDA:920,90,0,0
BRDA:923,91,0,0
BRDA:929,92,0,0
BRDA:934,93,0,0
BRDA:934,94,0,0
BRDA:934,94,1,0
BRF:140
BRH:0
end_of_record
TN:
SF:src/core/application/services/transaction-ledger.application.service.ts
FN:36,(anonymous_0)
FN:48,(anonymous_1)
FN:81,(anonymous_2)
FN:87,(anonymous_3)
FN:88,(anonymous_4)
FN:118,(anonymous_5)
FN:171,(anonymous_6)
FN:224,(anonymous_7)
FN:275,(anonymous_8)
FN:290,(anonymous_9)
FN:325,(anonymous_10)
FN:337,(anonymous_11)
FN:343,(anonymous_12)
FNF:13
FNH:0
FNDA:0,(anonymous_0)
FNDA:0,(anonymous_1)
FNDA:0,(anonymous_2)
FNDA:0,(anonymous_3)
FNDA:0,(anonymous_4)
FNDA:0,(anonymous_5)
FNDA:0,(anonymous_6)
FNDA:0,(anonymous_7)
FNDA:0,(anonymous_8)
FNDA:0,(anonymous_9)
FNDA:0,(anonymous_10)
FNDA:0,(anonymous_11)
FNDA:0,(anonymous_12)
DA:7,0
DA:8,0
DA:9,0
DA:35,0
DA:37,0
DA:38,0
DA:39,0
DA:42,0
DA:49,0
DA:50,0
DA:57,0
DA:60,0
DA:62,0
DA:63,0
DA:64,0
DA:67,0
DA:68,0
DA:69,0
DA:72,0
DA:73,0
DA:74,0
DA:77,0
DA:81,0
DA:82,0
DA:87,0
DA:88,0
DA:90,0
DA:98,0
DA:107,0
DA:111,0
DA:119,0
DA:165,0
DA:172,0
DA:218,0
DA:225,0
DA:269,0
DA:276,0
DA:277,0
DA:279,0
DA:282,0
DA:283,0
DA:291,0
DA:292,0
DA:294,0
DA:295,0
DA:297,0
DA:298,0
DA:299,0
DA:300,0
DA:301,0
DA:305,0
DA:311,0
DA:314,0
DA:318,0
DA:333,0
DA:334,0
DA:336,0
DA:337,0
DA:343,0
DA:345,0
DA:348,0
DA:349,0
LF:62
LH:0
BRDA:60,0,0,0
BRDA:60,0,1,0
BRDA:60,0,2,0
BRDA:60,0,3,0
BRDA:82,1,0,0
BRDA:82,1,1,0
BRDA:298,2,0,0
BRDA:298,3,0,0
BRDA:298,3,1,0
BRF:9
BRH:0
end_of_record
TN:
SF:src/core/application/services/transaction.service.ts
FN:16,(anonymous_0)
FN:22,(anonymous_1)
FN:55,(anonymous_2)
FN:76,(anonymous_3)
FN:95,(anonymous_4)
FN:111,(anonymous_5)
FN:162,(anonymous_6)
FN:187,(anonymous_7)
FN:200,(anonymous_8)
FN:212,(anonymous_9)
FN:217,(anonymous_10)
FN:229,(anonymous_11)
FN:257,(anonymous_12)
FN:283,(anonymous_13)
FN:287,(anonymous_14)
FN:291,(anonymous_15)
FN:296,(anonymous_16)
FNF:17
FNH:0
FNDA:0,(anonymous_0)
FNDA:0,(anonymous_1)
FNDA:0,(anonymous_2)
FNDA:0,(anonymous_3)
FNDA:0,(anonymous_4)
FNDA:0,(anonymous_5)
FNDA:0,(anonymous_6)
FNDA:0,(anonymous_7)
FNDA:0,(anonymous_8)
FNDA:0,(anonymous_9)
FNDA:0,(anonymous_10)
FNDA:0,(anonymous_11)
FNDA:0,(anonymous_12)
FNDA:0,(anonymous_13)
FNDA:0,(anonymous_14)
FNDA:0,(anonymous_15)
FNDA:0,(anonymous_16)
DA:3,0
DA:4,0
DA:5,0
DA:6,0
DA:7,0
DA:9,0
DA:11,0
DA:17,0
DA:18,0
DA:19,0
DA:23,0
DA:24,0
DA:31,0
DA:36,0
DA:38,0
DA:44,0
DA:50,0
DA:51,0
DA:56,0
DA:57,0
DA:60,0
DA:63,0
DA:65,0
DA:71,0
DA:72,0
DA:77,0
DA:78,0
DA:81,0
DA:84,0
DA:86,0
DA:89,0
DA:90,0
DA:96,0
DA:103,0
DA:106,0
DA:107,0
DA:116,0
DA:121,0
DA:124,0
DA:126,0
DA:127,0
DA:128,0
DA:135,0
DA:138,0
DA:139,0
DA:151,0
DA:157,0
DA:158,0
DA:163,0
DA:165,0
DA:167,0
DA:168,0
DA:169,0
DA:173,0
DA:176,0
DA:178,0
DA:181,0
DA:182,0
DA:189,0
DA:196,0
DA:197,0
DA:202,0
DA:208,0
DA:209,0
DA:214,0
DA:219,0
DA:235,0
DA:259,0
DA:284,0
DA:288,0
DA:292,0
DA:297,0
LF:72
LH:0
BRDA:126,0,0,0
BRDA:138,1,0,0
BRDA:167,2,0,0
BRF:3
BRH:0
end_of_record
TN:
SF:src/core/application/use-cases/auth/login-user.use-case.ts
FN:20,(anonymous_0)
FN:24,(anonymous_1)
FNF:2
FNH:0
FNDA:0,(anonymous_0)
FNDA:0,(anonymous_1)
DA:3,0
DA:19,0
DA:21,0
DA:25,0
DA:26,0
DA:33,0
DA:47,0
DA:52,0
DA:69,0
DA:74,0
LF:10
LH:0
BRDA:55,0,0,0
BRDA:55,0,1,0
BRF:2
BRH:0
end_of_record
TN:
SF:src/core/application/use-cases/budget/update-budget.use-case.ts
FN:51,(anonymous_0)
FN:53,(anonymous_1)
FN:75,(anonymous_2)
FN:116,(anonymous_3)
FN:134,(anonymous_4)
FN:143,(anonymous_5)
FNF:6
FNH:0
FNDA:0,(anonymous_0)
FNDA:0,(anonymous_1)
FNDA:0,(anonymous_2)
FNDA:0,(anonymous_3)
FNDA:0,(anonymous_4)
FNDA:0,(anonymous_5)
DA:4,0
DA:50,0
DA:54,0
DA:55,0
DA:62,0
DA:65,0
DA:66,0
DA:68,0
DA:76,0
DA:77,0
DA:94,0
DA:100,0
DA:108,0
DA:112,0
DA:117,0
DA:118,0
DA:121,0
DA:122,0
DA:125,0
DA:126,0
DA:129,0
DA:130,0
DA:133,0
DA:134,0
DA:138,0
DA:139,0
DA:144,0
DA:145,0
DA:147,0
LF:29
LH:0
BRDA:65,0,0,0
BRDA:65,0,1,0
BRDA:117,1,0,0
BRDA:121,2,0,0
BRDA:125,3,0,0
BRDA:129,4,0,0
BRDA:129,5,0,0
BRDA:129,5,1,0
BRDA:138,6,0,0
BRDA:144,7,0,0
BRF:10
BRH:0
end_of_record
TN:
SF:src/core/application/use-cases/dashboard/calculate-dashboard.use-case.ts
FN:57,(anonymous_0)
FN:59,(anonymous_1)
FNF:2
FNH:0
FNDA:0,(anonymous_0)
FNDA:0,(anonymous_1)
DA:4,0
DA:56,0
DA:60,0
DA:61,0
DA:67,0
DA:143,0
DA:149,0
DA:152,0
DA:156,0
LF:9
LH:0
BRF:0
BRH:0
end_of_record
TN:
SF:src/core/application/use-cases/report/generate-report.use-case.ts
FN:71,(anonymous_0)
FN:73,(anonymous_1)
FN:130,(anonymous_2)
FN:154,(anonymous_3)
FNF:4
FNH:0
FNDA:0,(anonymous_0)
FNDA:0,(anonymous_1)
FNDA:0,(anonymous_2)
FNDA:0,(anonymous_3)
DA:4,0
DA:70,0
DA:74,0
DA:75,0
DA:82,0
DA:85,0
DA:86,0
DA:88,0
DA:113,0
DA:119,0
DA:122,0
DA:126,0
DA:131,0
DA:132,0
DA:135,0
DA:136,0
DA:139,0
DA:140,0
DA:143,0
DA:144,0
DA:147,0
DA:148,0
DA:149,0
DA:150,0
DA:155,0
DA:157,0
DA:170,0
DA:180,0
DA:189,0
LF:29
LH:0
BRDA:105,0,0,0
BRDA:105,0,1,0
BRDA:108,1,0,0
BRDA:108,1,1,0
BRDA:131,2,0,0
BRDA:135,3,0,0
BRDA:139,4,0,0
BRDA:139,5,0,0
BRDA:139,5,1,0
BRDA:143,6,0,0
BRDA:149,7,0,0
BRDA:155,8,0,0
BRDA:155,8,1,0
BRDA:155,8,2,0
BRDA:155,8,3,0
BRF:15
BRH:0
end_of_record
TN:
SF:src/core/application/use-cases/transaction/create-transaction.use-case.ts
FN:34,(anonymous_0)
FN:39,(anonymous_1)
FN:126,(anonymous_2)
FNF:3
FNH:0
FNDA:0,(anonymous_0)
FNDA:0,(anonymous_1)
FNDA:0,(anonymous_2)
DA:1,0
DA:2,0
DA:4,0
DA:5,0
DA:6,0
DA:7,0
DA:33,0
DA:35,0
DA:36,0
DA:40,0
DA:41,0
DA:48,0
DA:55,0
DA:73,0
DA:76,0
DA:78,0
DA:80,0
DA:87,0
DA:88,0
DA:97,0
DA:98,0
DA:101,0
DA:107,0
DA:113,0
DA:118,0
DA:119,0
DA:122,0
DA:127,0
DA:129,0
DA:130,0
DA:133,0
DA:134,0
DA:137,0
DA:138,0
DA:141,0
DA:142,0
DA:143,0
DA:144,0
DA:147,0
DA:148,0
DA:151,0
DA:152,0
DA:155,0
DA:156,0
DA:159,0
DA:160,0
DA:163,0
DA:164,0
DA:167,0
DA:168,0
DA:171,0
DA:172,0
DA:175,0
DA:176,0
DA:179,0
DA:180,0
LF:56
LH:0
BRDA:87,0,0,0
BRDA:118,1,0,0
BRDA:118,2,0,0
BRDA:118,2,1,0
BRDA:129,3,0,0
BRDA:129,4,0,0
BRDA:129,4,1,0
BRDA:133,5,0,0
BRDA:133,6,0,0
BRDA:133,6,1,0
BRDA:137,7,0,0
BRDA:137,8,0,0
BRDA:137,8,1,0
BRDA:141,9,0,0
BRDA:141,9,1,0
BRDA:141,10,0,0
BRDA:141,10,1,0
BRDA:143,11,0,0
BRDA:147,12,0,0
BRDA:147,13,0,0
BRDA:147,13,1,0
BRDA:151,14,0,0
BRDA:155,15,0,0
BRDA:159,16,0,0
BRDA:159,17,0,0
BRDA:159,17,1,0
BRDA:163,18,0,0
BRDA:163,19,0,0
BRDA:163,19,1,0
BRDA:167,20,0,0
BRDA:167,21,0,0
BRDA:167,21,1,0
BRDA:167,21,2,0
BRDA:171,22,0,0
BRDA:171,23,0,0
BRDA:171,23,1,0
BRDA:175,24,0,0
BRDA:175,25,0,0
BRDA:175,25,1,0
BRDA:179,26,0,0
BRF:40
BRH:0
end_of_record
TN:
SF:src/core/application/use-cases/transaction/list-transactions.use-case.ts
FN:41,(anonymous_0)
FN:45,(anonymous_1)
FN:84,(anonymous_2)
FN:130,(anonymous_3)
FN:156,(anonymous_4)
FN:177,(anonymous_5)
FNF:6
FNH:0
FNDA:0,(anonymous_0)
FNDA:0,(anonymous_1)
FNDA:0,(anonymous_2)
FNDA:0,(anonymous_3)
FNDA:0,(anonymous_4)
FNDA:0,(anonymous_5)
DA:1,0
DA:2,0
DA:4,0
DA:5,0
DA:6,0
DA:40,0
DA:42,0
DA:46,0
DA:47,0
DA:58,0
DA:61,0
DA:70,0
DA:71,0
DA:73,0
DA:81,0
DA:84,0
DA:85,0
DA:89,0
DA:92,0
DA:93,0
DA:94,0
DA:95,0
DA:97,0
DA:104,0
DA:118,0
DA:122,0
DA:123,0
DA:126,0
DA:131,0
DA:133,0
DA:134,0
DA:137,0
DA:138,0
DA:141,0
DA:142,0
DA:147,0
DA:148,0
DA:151,0
DA:152,0
DA:157,0
DA:158,0
DA:160,0
DA:161,0
DA:162,0
DA:163,0
DA:164,0
DA:169,0
DA:181,0
LF:48
LH:0
BRDA:52,0,0,0
BRDA:52,0,1,0
BRDA:52,1,0,0
BRDA:52,1,1,0
BRDA:70,2,0,0
BRDA:70,2,1,0
BRDA:71,3,0,0
BRDA:71,3,1,0
BRDA:76,4,0,0
BRDA:76,4,1,0
BRDA:77,5,0,0
BRDA:77,5,1,0
BRDA:122,6,0,0
BRDA:122,7,0,0
BRDA:122,7,1,0
BRDA:133,8,0,0
BRDA:133,9,0,0
BRDA:133,9,1,0
BRDA:137,10,0,0
BRDA:137,11,0,0
BRDA:137,11,1,0
BRDA:141,12,0,0
BRDA:141,13,0,0
BRDA:141,13,1,0
BRDA:141,13,2,0
BRDA:147,14,0,0
BRDA:147,15,0,0
BRDA:147,15,1,0
BRDA:151,16,0,0
BRDA:161,17,0,0
BRDA:161,17,1,0
BRDA:163,18,0,0
BRF:32
BRH:0
end_of_record
TN:
SF:src/core/application/use-cases/transaction/update-transaction.use-case.ts
FN:29,(anonymous_0)
FN:33,(anonymous_1)
FN:143,(anonymous_2)
FNF:3
FNH:0
FNDA:0,(anonymous_0)
FNDA:0,(anonymous_1)
FNDA:0,(anonymous_2)
DA:1,0
DA:2,0
DA:4,0
DA:5,0
DA:6,0
DA:28,0
DA:30,0
DA:34,0
DA:35,0
DA:41,0
DA:44,0
DA:45,0
DA:46,0
DA:49,0
DA:52,0
DA:53,0
DA:57,0
DA:58,0
DA:61,0
DA:62,0
DA:66,0
DA:70,0
DA:71,0
DA:74,0
DA:75,0
DA:78,0
DA:79,0
DA:80,0
DA:81,0
DA:85,0
DA:86,0
DA:89,0
DA:90,0
DA:93,0
DA:94,0
DA:97,0
DA:98,0
DA:101,0
DA:102,0
DA:105,0
DA:106,0
DA:109,0
DA:112,0
DA:113,0
DA:114,0
DA:117,0
DA:119,0
DA:124,0
DA:130,0
DA:135,0
DA:136,0
DA:139,0
DA:144,0
DA:146,0
DA:147,0
DA:150,0
DA:151,0
DA:154,0
DA:155,0
DA:156,0
DA:157,0
DA:158,0
DA:162,0
DA:163,0
DA:166,0
DA:167,0
DA:170,0
DA:171,0
DA:174,0
DA:175,0
DA:178,0
DA:179,0
DA:182,0
DA:183,0
LF:74
LH:0
BRDA:45,0,0,0
BRDA:52,1,0,0
BRDA:57,2,0,0
BRDA:61,3,0,0
BRDA:61,4,0,0
BRDA:61,4,1,0
BRDA:70,5,0,0
BRDA:74,6,0,0
BRDA:78,7,0,0
BRDA:80,8,0,0
BRDA:85,9,0,0
BRDA:89,10,0,0
BRDA:93,11,0,0
BRDA:97,12,0,0
BRDA:101,13,0,0
BRDA:105,14,0,0
BRDA:113,15,0,0
BRDA:135,16,0,0
BRDA:135,17,0,0
BRDA:135,17,1,0
BRDA:146,18,0,0
BRDA:146,19,0,0
BRDA:146,19,1,0
BRDA:150,20,0,0
BRDA:150,21,0,0
BRDA:150,21,1,0
BRDA:154,22,0,0
BRDA:155,23,0,0
BRDA:155,23,1,0
BRDA:157,24,0,0
BRDA:162,25,0,0
BRDA:162,26,0,0
BRDA:162,26,1,0
BRDA:166,27,0,0
BRDA:166,28,0,0
BRDA:166,28,1,0
BRDA:170,29,0,0
BRDA:170,30,0,0
BRDA:170,30,1,0
BRDA:170,30,2,0
BRDA:174,31,0,0
BRDA:174,32,0,0
BRDA:174,32,1,0
BRDA:178,33,0,0
BRDA:178,34,0,0
BRDA:178,34,1,0
BRDA:182,35,0,0
BRF:47
BRH:0
end_of_record
TN:
SF:src/core/domain/entities/budget.entity.ts
FN:32,(anonymous_0)
FN:43,(anonymous_1)
FN:49,(anonymous_2)
FN:50,(anonymous_3)
FN:51,(anonymous_4)
FN:52,(anonymous_5)
FN:53,(anonymous_6)
FN:54,(anonymous_7)
FN:55,(anonymous_8)
FN:56,(anonymous_9)
FN:57,(anonymous_10)
FN:58,(anonymous_11)
FN:59,(anonymous_12)
FN:60,(anonymous_13)
FN:61,(anonymous_14)
FN:62,(anonymous_15)
FN:65,(anonymous_16)
FN:70,(anonymous_17)
FN:75,(anonymous_18)
FN:76,(anonymous_19)
FN:91,(anonymous_20)
FN:92,(anonymous_21)
FN:109,(anonymous_22)
FN:110,(anonymous_23)
FN:120,(anonymous_24)
FN:121,(anonymous_25)
FN:137,(anonymous_26)
FN:138,(anonymous_27)
FN:145,(anonymous_28)
FN:153,(anonymous_29)
FN:158,(anonymous_30)
FN:162,(anonymous_31)
FN:166,(anonymous_32)
FN:167,(anonymous_33)
FN:170,(anonymous_34)
FN:172,(anonymous_35)
FN:176,(anonymous_36)
FN:183,(anonymous_37)
FN:184,(anonymous_38)
FN:191,(anonymous_39)
FN:209,(anonymous_40)
FN:218,(anonymous_41)
FNF:42
FNH:0
FNDA:0,(anonymous_0)
FNDA:0,(anonymous_1)
FNDA:0,(anonymous_2)
FNDA:0,(anonymous_3)
FNDA:0,(anonymous_4)
FNDA:0,(anonymous_5)
FNDA:0,(anonymous_6)
FNDA:0,(anonymous_7)
FNDA:0,(anonymous_8)
FNDA:0,(anonymous_9)
FNDA:0,(anonymous_10)
FNDA:0,(anonymous_11)
FNDA:0,(anonymous_12)
FNDA:0,(anonymous_13)
FNDA:0,(anonymous_14)
FNDA:0,(anonymous_15)
FNDA:0,(anonymous_16)
FNDA:0,(anonymous_17)
FNDA:0,(anonymous_18)
FNDA:0,(anonymous_19)
FNDA:0,(anonymous_20)
FNDA:0,(anonymous_21)
FNDA:0,(anonymous_22)
FNDA:0,(anonymous_23)
FNDA:0,(anonymous_24)
FNDA:0,(anonymous_25)
FNDA:0,(anonymous_26)
FNDA:0,(anonymous_27)
FNDA:0,(anonymous_28)
FNDA:0,(anonymous_29)
FNDA:0,(anonymous_30)
FNDA:0,(anonymous_31)
FNDA:0,(anonymous_32)
FNDA:0,(anonymous_33)
FNDA:0,(anonymous_34)
FNDA:0,(anonymous_35)
FNDA:0,(anonymous_36)
FNDA:0,(anonymous_37)
FNDA:0,(anonymous_38)
FNDA:0,(anonymous_39)
FNDA:0,(anonymous_40)
FNDA:0,(anonymous_41)
DA:3,0
DA:32,0
DA:33,0
DA:34,0
DA:35,0
DA:36,0
DA:37,0
DA:40,0
DA:44,0
DA:45,0
DA:49,0
DA:50,0
DA:51,0
DA:52,0
DA:53,0
DA:54,0
DA:55,0
DA:56,0
DA:57,0
DA:58,0
DA:59,0
DA:60,0
DA:61,0
DA:62,0
DA:66,0
DA:67,0
DA:71,0
DA:72,0
DA:76,0
DA:77,0
DA:78,0
DA:81,0
DA:82,0
DA:86,0
DA:88,0
DA:92,0
DA:93,0
DA:94,0
DA:97,0
DA:104,0
DA:105,0
DA:106,0
DA:110,0
DA:111,0
DA:112,0
DA:115,0
DA:116,0
DA:117,0
DA:121,0
DA:122,0
DA:123,0
DA:126,0
DA:127,0
DA:131,0
DA:133,0
DA:134,0
DA:138,0
DA:139,0
DA:142,0
DA:146,0
DA:147,0
DA:154,0
DA:155,0
DA:159,0
DA:163,0
DA:167,0
DA:171,0
DA:172,0
DA:177,0
DA:179,0
DA:180,0
DA:184,0
DA:185,0
DA:188,0
DA:192,0
DA:193,0
DA:196,0
DA:197,0
DA:200,0
DA:201,0
DA:204,0
DA:205,0
DA:210,0
DA:218,0
LF:84
LH:0
BRDA:32,0,0,0
BRDA:32,0,1,0
BRDA:77,1,0,0
BRDA:93,2,0,0
BRDA:111,3,0,0
BRDA:122,4,0,0
BRDA:172,5,0,0
BRDA:172,5,1,0
BRDA:177,6,0,0
BRDA:192,7,0,0
BRDA:192,8,0,0
BRDA:192,8,1,0
BRDA:196,9,0,0
BRDA:200,10,0,0
BRDA:200,11,0,0
BRDA:200,11,1,0
BRDA:204,12,0,0
BRF:17
BRH:0
end_of_record
TN:
SF:src/core/domain/entities/journal-entry.entity.ts
FN:23,(anonymous_0)
FN:33,(anonymous_1)
FN:39,(anonymous_2)
FN:40,(anonymous_3)
FN:41,(anonymous_4)
FN:42,(anonymous_5)
FN:43,(anonymous_6)
FN:44,(anonymous_7)
FN:45,(anonymous_8)
FN:46,(anonymous_9)
FN:47,(anonymous_10)
FN:48,(anonymous_11)
FN:49,(anonymous_12)
FN:50,(anonymous_13)
FN:51,(anonymous_14)
FN:52,(anonymous_15)
FN:57,(anonymous_16)
FN:73,(anonymous_17)
FN:82,(anonymous_18)
FN:94,(anonymous_19)
FN:119,(anonymous_20)
FN:135,(anonymous_21)
FN:166,(anonymous_22)
FN:204,(anonymous_23)
FN:206,(anonymous_24)
FN:207,(anonymous_25)
FN:215,(anonymous_26)
FN:217,(anonymous_27)
FN:218,(anonymous_28)
FN:226,(anonymous_29)
FN:227,(anonymous_30)
FN:233,(anonymous_31)
FN:234,(anonymous_32)
FN:240,(anonymous_33)
FN:251,(anonymous_34)
FN:260,(anonymous_35)
FN:281,(anonymous_36)
FN:293,(anonymous_37)
FN:309,(anonymous_38)
FN:322,(anonymous_39)
FN:330,(anonymous_40)
FN:337,(anonymous_41)
FN:344,(anonymous_42)
FN:348,(anonymous_43)
FN:386,(anonymous_44)
FN:394,(anonymous_45)
FNF:46
FNH:46
FNDA:3,(anonymous_0)
FNDA:69,(anonymous_1)
FNDA:37,(anonymous_2)
FNDA:3,(anonymous_3)
FNDA:3,(anonymous_4)
FNDA:5,(anonymous_5)
FNDA:4,(anonymous_6)
FNDA:7,(anonymous_7)
FNDA:14,(anonymous_8)
FNDA:6,(anonymous_9)
FNDA:5,(anonymous_10)
FNDA:2,(anonymous_11)
FNDA:2,(anonymous_12)
FNDA:5,(anonymous_13)
FNDA:1,(anonymous_14)
FNDA:1,(anonymous_15)
FNDA:4,(anonymous_16)
FNDA:3,(anonymous_17)
FNDA:1,(anonymous_18)
FNDA:19,(anonymous_19)
FNDA:4,(anonymous_20)
FNDA:4,(anonymous_21)
FNDA:36,(anonymous_22)
FNDA:4,(anonymous_23)
FNDA:13,(anonymous_24)
FNDA:5,(anonymous_25)
FNDA:4,(anonymous_26)
FNDA:13,(anonymous_27)
FNDA:5,(anonymous_28)
FNDA:2,(anonymous_29)
FNDA:8,(anonymous_30)
FNDA:11,(anonymous_31)
FNDA:26,(anonymous_32)
FNDA:3,(anonymous_33)
FNDA:2,(anonymous_34)
FNDA:3,(anonymous_35)
FNDA:2,(anonymous_36)
FNDA:3,(anonymous_37)
FNDA:2,(anonymous_38)
FNDA:4,(anonymous_39)
FNDA:2,(anonymous_40)
FNDA:2,(anonymous_41)
FNDA:2,(anonymous_42)
FNDA:69,(anonymous_43)
FNDA:1,(anonymous_44)
FNDA:2,(anonymous_45)
DA:3,3
DA:4,3
DA:23,3
DA:24,3
DA:25,3
DA:26,3
DA:27,3
DA:30,3
DA:34,69
DA:35,69
DA:39,37
DA:40,3
DA:41,3
DA:42,5
DA:43,4
DA:44,7
DA:45,14
DA:46,6
DA:47,5
DA:48,2
DA:49,2
DA:50,5
DA:51,1
DA:52,1
DA:58,4
DA:59,1
DA:62,3
DA:63,1
DA:66,2
DA:67,2
DA:74,3
DA:75,1
DA:78,2
DA:79,0
DA:82,2
DA:83,2
DA:84,1
DA:87,1
DA:88,1
DA:95,19
DA:96,1
DA:99,18
DA:100,1
DA:103,17
DA:104,1
DA:107,16
DA:108,1
DA:111,15
DA:112,15
DA:113,15
DA:120,4
DA:121,1
DA:124,3
DA:125,1
DA:129,2
DA:130,2
DA:131,2
DA:132,2
DA:135,2
DA:136,4
DA:143,2
DA:167,36
DA:168,1
DA:172,35
DA:174,35
DA:175,72
DA:176,72
DA:178,72
DA:179,36
DA:182,72
DA:184,72
DA:185,36
DA:187,36
DA:192,35
DA:193,36
DA:194,2
DA:198,33
DA:205,4
DA:206,13
DA:207,5
DA:209,4
DA:216,4
DA:217,13
DA:218,5
DA:220,4
DA:227,8
DA:234,26
DA:241,3
DA:242,3
DA:243,9
DA:245,3
DA:258,2
DA:260,2
DA:261,3
DA:262,3
DA:263,3
DA:268,3
DA:282,2
DA:283,1
DA:286,1
DA:287,1
DA:294,3
DA:295,1
DA:298,2
DA:299,1
DA:302,1
DA:303,1
DA:310,2
DA:311,2
DA:316,2
DA:323,4
DA:331,2
DA:338,2
DA:345,2
DA:349,69
DA:350,1
DA:353,68
DA:354,1
DA:357,67
DA:358,1
DA:361,66
DA:362,1
DA:365,65
DA:366,1
DA:369,64
DA:370,0
DA:373,64
DA:374,1
DA:377,63
DA:378,1
DA:381,62
DA:382,0
DA:387,1
DA:394,2
LF:134
LH:131
BRDA:23,0,0,3
BRDA:23,0,1,3
BRDA:58,1,0,1
BRDA:62,2,0,1
BRDA:74,3,0,1
BRDA:78,4,0,0
BRDA:83,5,0,1
BRDA:95,6,0,1
BRDA:99,7,0,1
BRDA:103,8,0,1
BRDA:107,9,0,1
BRDA:120,10,0,1
BRDA:124,11,0,1
BRDA:138,12,0,4
BRDA:138,12,1,2
BRDA:167,13,0,1
BRDA:178,14,0,36
BRDA:184,15,0,36
BRDA:184,15,1,36
BRDA:193,16,0,2
BRDA:206,17,0,13
BRDA:206,17,1,7
BRDA:217,18,0,13
BRDA:217,18,1,7
BRDA:282,19,0,1
BRDA:294,20,0,1
BRDA:298,21,0,1
BRDA:298,22,0,2
BRDA:298,22,1,1
BRDA:323,23,0,4
BRDA:323,23,1,2
BRDA:349,24,0,1
BRDA:349,25,0,69
BRDA:349,25,1,68
BRDA:353,26,0,1
BRDA:353,27,0,68
BRDA:353,27,1,67
BRDA:357,28,0,1
BRDA:357,29,0,67
BRDA:357,29,1,66
BRDA:361,30,0,1
BRDA:361,31,0,66
BRDA:361,31,1,65
BRDA:365,32,0,1
BRDA:369,33,0,0
BRDA:369,34,0,64
BRDA:369,34,1,64
BRDA:373,35,0,1
BRDA:373,36,0,64
BRDA:373,36,1,20
BRDA:377,37,0,1
BRDA:377,38,0,63
BRDA:377,38,1,5
BRDA:381,39,0,0
BRDA:381,40,0,62
BRDA:381,40,1,4
BRF:56
BRH:53
end_of_record
TN:
SF:src/core/domain/entities/ledger-entry.entity.ts
FN:23,(anonymous_0)
FN:31,(anonymous_1)
FN:36,(anonymous_2)
FN:47,(anonymous_3)
FN:53,(anonymous_4)
FN:54,(anonymous_5)
FN:55,(anonymous_6)
FN:56,(anonymous_7)
FN:57,(anonymous_8)
FN:58,(anonymous_9)
FN:59,(anonymous_10)
FN:60,(anonymous_11)
FN:61,(anonymous_12)
FN:62,(anonymous_13)
FN:63,(anonymous_14)
FN:64,(anonymous_15)
FN:65,(anonymous_16)
FN:66,(anonymous_17)
FN:67,(anonymous_18)
FN:72,(anonymous_19)
FN:79,(anonymous_20)
FN:89,(anonymous_21)
FN:112,(anonymous_22)
FN:126,(anonymous_23)
FN:133,(anonymous_24)
FN:149,(anonymous_25)
FN:157,(anonymous_26)
FN:203,(anonymous_27)
FN:253,(anonymous_28)
FNF:29
FNH:29
FNDA:4,(anonymous_0)
FNDA:4,(anonymous_1)
FNDA:4,(anonymous_2)
FNDA:129,(anonymous_3)
FNDA:35,(anonymous_4)
FNDA:3,(anonymous_5)
FNDA:13,(anonymous_6)
FNDA:12,(anonymous_7)
FNDA:23,(anonymous_8)
FNDA:167,(anonymous_9)
FNDA:213,(anonymous_10)
FNDA:6,(anonymous_11)
FNDA:4,(anonymous_12)
FNDA:4,(anonymous_13)
FNDA:5,(anonymous_14)
FNDA:6,(anonymous_15)
FNDA:8,(anonymous_16)
FNDA:4,(anonymous_17)
FNDA:5,(anonymous_18)
FNDA:2,(anonymous_19)
FNDA:2,(anonymous_20)
FNDA:10,(anonymous_21)
FNDA:3,(anonymous_22)
FNDA:8,(anonymous_23)
FNDA:6,(anonymous_24)
FNDA:1,(anonymous_25)
FNDA:14,(anonymous_26)
FNDA:129,(anonymous_27)
FNDA:3,(anonymous_28)
DA:3,4
DA:23,4
DA:24,4
DA:25,4
DA:26,4
DA:27,4
DA:28,4
DA:31,4
DA:32,4
DA:33,4
DA:36,4
DA:37,4
DA:38,4
DA:39,4
DA:40,4
DA:41,4
DA:44,4
DA:48,129
DA:49,129
DA:53,35
DA:54,3
DA:55,13
DA:56,12
DA:57,23
DA:58,167
DA:59,213
DA:60,6
DA:61,4
DA:62,4
DA:63,5
DA:64,6
DA:65,8
DA:66,4
DA:67,5
DA:73,2
DA:80,2
DA:90,10
DA:94,10
DA:96,7
DA:99,3
DA:102,10
DA:113,3
DA:114,1
DA:117,2
DA:118,2
DA:120,2
DA:127,8
DA:134,6
DA:150,1
DA:151,1
DA:165,14
DA:166,1
DA:169,13
DA:170,2
DA:173,11
DA:174,1
DA:177,10
DA:178,0
DA:181,10
DA:182,5
DA:183,5
DA:184,1
DA:186,4
DA:187,0
DA:191,9
DA:192,2
DA:193,1
DA:195,1
DA:196,0
DA:200,8
DA:204,129
DA:205,1
DA:208,128
DA:209,1
DA:212,127
DA:213,1
DA:216,126
DA:217,0
DA:220,126
DA:221,1
DA:224,125
DA:225,1
DA:228,124
DA:229,1
DA:232,123
DA:233,0
DA:236,123
DA:237,0
DA:240,123
DA:241,1
DA:244,122
DA:245,1
DA:248,121
DA:249,0
DA:254,3
LF:95
LH:88
BRDA:23,0,0,4
BRDA:23,0,1,4
BRDA:31,1,0,4
BRDA:31,1,1,4
BRDA:36,2,0,4
BRDA:36,2,1,4
BRDA:90,3,0,10
BRDA:90,3,1,4
BRDA:94,4,0,7
BRDA:94,4,1,3
BRDA:96,5,0,4
BRDA:96,5,1,3
BRDA:99,6,0,2
BRDA:99,6,1,1
BRDA:113,7,0,1
BRDA:127,8,0,5
BRDA:127,8,1,3
BRDA:139,9,0,6
BRDA:139,9,1,1
BRDA:165,10,0,1
BRDA:165,11,0,14
BRDA:165,11,1,4
BRDA:169,12,0,2
BRDA:169,13,0,13
BRDA:169,13,1,4
BRDA:173,14,0,1
BRDA:173,15,0,11
BRDA:173,15,1,2
BRDA:177,16,0,0
BRDA:177,17,0,10
BRDA:177,17,1,0
BRDA:181,18,0,5
BRDA:183,19,0,1
BRDA:183,20,0,5
BRDA:183,20,1,4
BRDA:186,21,0,0
BRDA:186,22,0,4
BRDA:186,22,1,3
BRDA:191,23,0,2
BRDA:192,24,0,1
BRDA:192,25,0,2
BRDA:192,25,1,2
BRDA:195,26,0,0
BRDA:195,27,0,1
BRDA:195,27,1,1
BRDA:204,28,0,1
BRDA:204,29,0,129
BRDA:204,29,1,128
BRDA:208,30,0,1
BRDA:208,31,0,128
BRDA:208,31,1,127
BRDA:212,32,0,1
BRDA:212,33,0,127
BRDA:212,33,1,126
BRDA:216,34,0,0
BRDA:216,35,0,126
BRDA:216,35,1,126
BRDA:220,36,0,1
BRDA:224,37,0,1
BRDA:228,38,0,1
BRDA:228,39,0,124
BRDA:228,39,1,124
BRDA:232,40,0,0
BRDA:232,41,0,123
BRDA:232,41,1,123
BRDA:236,42,0,0
BRDA:236,43,0,123
BRDA:236,43,1,123
BRDA:240,44,0,1
BRDA:240,45,0,123
BRDA:240,45,1,4
BRDA:244,46,0,1
BRDA:244,47,0,122
BRDA:244,47,1,4
BRDA:248,48,0,0
BRDA:248,49,0,121
BRDA:248,49,1,3
BRF:77
BRH:69
end_of_record
TN:
SF:src/core/domain/entities/transaction.entity.ts
FN:31,(anonymous_0)
FN:37,(anonymous_1)
FN:44,(anonymous_2)
FN:63,(anonymous_3)
FN:69,(anonymous_4)
FN:70,(anonymous_5)
FN:71,(anonymous_6)
FN:72,(anonymous_7)
FN:73,(anonymous_8)
FN:74,(anonymous_9)
FN:75,(anonymous_10)
FN:76,(anonymous_11)
FN:77,(anonymous_12)
FN:78,(anonymous_13)
FN:79,(anonymous_14)
FN:80,(anonymous_15)
FN:81,(anonymous_16)
FN:82,(anonymous_17)
FN:83,(anonymous_18)
FN:84,(anonymous_19)
FN:85,(anonymous_20)
FN:86,(anonymous_21)
FN:87,(anonymous_22)
FN:88,(anonymous_23)
FN:89,(anonymous_24)
FN:90,(anonymous_25)
FN:93,(anonymous_26)
FN:103,(anonymous_27)
FN:113,(anonymous_28)
FN:122,(anonymous_29)
FN:129,(anonymous_30)
FN:137,(anonymous_31)
FN:144,(anonymous_32)
FN:152,(anonymous_33)
FN:157,(anonymous_34)
FN:164,(anonymous_35)
FN:168,(anonymous_36)
FN:172,(anonymous_37)
FN:176,(anonymous_38)
FN:184,(anonymous_39)
FN:206,(anonymous_40)
FNF:41
FNH:0
FNDA:0,(anonymous_0)
FNDA:0,(anonymous_1)
FNDA:0,(anonymous_2)
FNDA:0,(anonymous_3)
FNDA:0,(anonymous_4)
FNDA:0,(anonymous_5)
FNDA:0,(anonymous_6)
FNDA:0,(anonymous_7)
FNDA:0,(anonymous_8)
FNDA:0,(anonymous_9)
FNDA:0,(anonymous_10)
FNDA:0,(anonymous_11)
FNDA:0,(anonymous_12)
FNDA:0,(anonymous_13)
FNDA:0,(anonymous_14)
FNDA:0,(anonymous_15)
FNDA:0,(anonymous_16)
FNDA:0,(anonymous_17)
FNDA:0,(anonymous_18)
FNDA:0,(anonymous_19)
FNDA:0,(anonymous_20)
FNDA:0,(anonymous_21)
FNDA:0,(anonymous_22)
FNDA:0,(anonymous_23)
FNDA:0,(anonymous_24)
FNDA:0,(anonymous_25)
FNDA:0,(anonymous_26)
FNDA:0,(anonymous_27)
FNDA:0,(anonymous_28)
FNDA:0,(anonymous_29)
FNDA:0,(anonymous_30)
FNDA:0,(anonymous_31)
FNDA:0,(anonymous_32)
FNDA:0,(anonymous_33)
FNDA:0,(anonymous_34)
FNDA:0,(anonymous_35)
FNDA:0,(anonymous_36)
FNDA:0,(anonymous_37)
FNDA:0,(anonymous_38)
FNDA:0,(anonymous_39)
FNDA:0,(anonymous_40)
DA:31,0
DA:32,0
DA:33,0
DA:34,0
DA:37,0
DA:38,0
DA:39,0
DA:40,0
DA:41,0
DA:44,0
DA:45,0
DA:46,0
DA:47,0
DA:48,0
DA:49,0
DA:50,0
DA:60,0
DA:64,0
DA:65,0
DA:69,0
DA:70,0
DA:71,0
DA:72,0
DA:73,0
DA:74,0
DA:75,0
DA:76,0
DA:77,0
DA:78,0
DA:79,0
DA:80,0
DA:81,0
DA:82,0
DA:83,0
DA:84,0
DA:85,0
DA:86,0
DA:87,0
DA:88,0
DA:89,0
DA:90,0
DA:94,0
DA:95,0
DA:98,0
DA:99,0
DA:100,0
DA:104,0
DA:105,0
DA:108,0
DA:109,0
DA:110,0
DA:114,0
DA:115,0
DA:118,0
DA:119,0
DA:123,0
DA:124,0
DA:125,0
DA:130,0
DA:131,0
DA:132,0
DA:133,0
DA:138,0
DA:139,0
DA:140,0
DA:145,0
DA:146,0
DA:147,0
DA:148,0
DA:153,0
DA:154,0
DA:158,0
DA:159,0
DA:161,0
DA:165,0
DA:169,0
DA:173,0
DA:178,0
DA:179,0
DA:181,0
DA:185,0
DA:186,0
DA:189,0
DA:190,0
DA:193,0
DA:194,0
DA:197,0
DA:198,0
DA:201,0
DA:202,0
DA:207,0
LF:91
LH:0
BRDA:31,0,0,0
BRDA:31,0,1,0
BRDA:37,1,0,0
BRDA:37,1,1,0
BRDA:44,2,0,0
BRDA:44,2,1,0
BRDA:94,3,0,0
BRDA:104,4,0,0
BRDA:114,5,0,0
BRDA:114,6,0,0
BRDA:114,6,1,0
BRDA:123,7,0,0
BRDA:131,8,0,0
BRDA:138,9,0,0
BRDA:146,10,0,0
BRDA:158,11,0,0
BRDA:158,12,0,0
BRDA:158,12,1,0
BRDA:178,13,0,0
BRDA:185,14,0,0
BRDA:185,15,0,0
BRDA:185,15,1,0
BRDA:189,16,0,0
BRDA:193,17,0,0
BRDA:193,18,0,0
BRDA:193,18,1,0
BRDA:197,19,0,0
BRDA:197,20,0,0
BRDA:197,20,1,0
BRDA:201,21,0,0
BRDA:201,22,0,0
BRDA:201,22,1,0
BRF:32
BRH:0
end_of_record
TN:
SF:src/core/domain/entities/user.entity.ts
FN:26,(anonymous_0)
FN:35,(anonymous_1)
FN:41,(anonymous_2)
FN:42,(anonymous_3)
FN:43,(anonymous_4)
FN:44,(anonymous_5)
FN:45,(anonymous_6)
FN:46,(anonymous_7)
FN:47,(anonymous_8)
FN:48,(anonymous_9)
FN:49,(anonymous_10)
FN:50,(anonymous_11)
FN:51,(anonymous_12)
FN:52,(anonymous_13)
FN:53,(anonymous_14)
FN:54,(anonymous_15)
FN:55,(anonymous_16)
FN:56,(anonymous_17)
FN:59,(anonymous_18)
FN:64,(anonymous_19)
FN:69,(anonymous_20)
FN:74,(anonymous_21)
FN:79,(anonymous_22)
FN:94,(anonymous_23)
FN:99,(anonymous_24)
FN:104,(anonymous_25)
FN:108,(anonymous_26)
FN:112,(anonymous_27)
FN:126,(anonymous_28)
FNF:29
FNH:0
FNDA:0,(anonymous_0)
FNDA:0,(anonymous_1)
FNDA:0,(anonymous_2)
FNDA:0,(anonymous_3)
FNDA:0,(anonymous_4)
FNDA:0,(anonymous_5)
FNDA:0,(anonymous_6)
FNDA:0,(anonymous_7)
FNDA:0,(anonymous_8)
FNDA:0,(anonymous_9)
FNDA:0,(anonymous_10)
FNDA:0,(anonymous_11)
FNDA:0,(anonymous_12)
FNDA:0,(anonymous_13)
FNDA:0,(anonymous_14)
FNDA:0,(anonymous_15)
FNDA:0,(anonymous_16)
FNDA:0,(anonymous_17)
FNDA:0,(anonymous_18)
FNDA:0,(anonymous_19)
FNDA:0,(anonymous_20)
FNDA:0,(anonymous_21)
FNDA:0,(anonymous_22)
FNDA:0,(anonymous_23)
FNDA:0,(anonymous_24)
FNDA:0,(anonymous_25)
FNDA:0,(anonymous_26)
FNDA:0,(anonymous_27)
FNDA:0,(anonymous_28)
DA:26,0
DA:27,0
DA:28,0
DA:29,0
DA:32,0
DA:36,0
DA:37,0
DA:41,0
DA:42,0
DA:43,0
DA:44,0
DA:45,0
DA:46,0
DA:47,0
DA:48,0
DA:49,0
DA:50,0
DA:51,0
DA:52,0
DA:53,0
DA:54,0
DA:55,0
DA:56,0
DA:60,0
DA:61,0
DA:65,0
DA:66,0
DA:70,0
DA:71,0
DA:75,0
DA:76,0
DA:85,0
DA:86,0
DA:87,0
DA:88,0
DA:89,0
DA:91,0
DA:95,0
DA:96,0
DA:100,0
DA:101,0
DA:105,0
DA:109,0
DA:113,0
DA:114,0
DA:117,0
DA:118,0
DA:121,0
DA:122,0
DA:127,0
LF:50
LH:0
BRDA:26,0,0,0
BRDA:26,0,1,0
BRDA:85,1,0,0
BRDA:86,2,0,0
BRDA:87,3,0,0
BRDA:88,4,0,0
BRDA:105,5,0,0
BRDA:105,5,1,0
BRDA:113,6,0,0
BRDA:113,7,0,0
BRDA:113,7,1,0
BRDA:117,8,0,0
BRDA:121,9,0,0
BRDA:121,10,0,0
BRDA:121,10,1,0
BRF:15
BRH:0
end_of_record
TN:
SF:src/core/domain/events/base-domain.event.ts
FN:7,(anonymous_0)
FN:18,(anonymous_1)
FN:24,(anonymous_2)
FNF:3
FNH:0
FNDA:0,(anonymous_0)
FNDA:0,(anonymous_1)
FNDA:0,(anonymous_2)
DA:2,0
DA:8,0
DA:9,0
DA:13,0
DA:14,0
DA:15,0
DA:19,0
DA:25,0
LF:8
LH:0
BRDA:11,0,0,0
BRDA:14,1,0,0
BRDA:14,1,1,0
BRF:3
BRH:0
end_of_record
TN:
SF:src/core/domain/events/budget-exceeded.event.ts
FN:19,(anonymous_0)
FN:26,(anonymous_1)
FN:30,(anonymous_2)
FN:34,(anonymous_3)
FN:38,(anonymous_4)
FN:42,(anonymous_5)
FN:46,(anonymous_6)
FN:50,(anonymous_7)
FN:54,(anonymous_8)
FN:58,(anonymous_9)
FN:62,(anonymous_10)
FN:66,(anonymous_11)
FNF:12
FNH:0
FNDA:0,(anonymous_0)
FNDA:0,(anonymous_1)
FNDA:0,(anonymous_2)
FNDA:0,(anonymous_3)
FNDA:0,(anonymous_4)
FNDA:0,(anonymous_5)
FNDA:0,(anonymous_6)
FNDA:0,(anonymous_7)
FNDA:0,(anonymous_8)
FNDA:0,(anonymous_9)
FNDA:0,(anonymous_10)
FNDA:0,(anonymous_11)
DA:2,0
DA:18,0
DA:21,0
DA:23,0
DA:27,0
DA:31,0
DA:35,0
DA:39,0
DA:43,0
DA:47,0
DA:51,0
DA:55,0
DA:59,0
DA:63,0
DA:67,0
LF:15
LH:0
BRF:0
BRH:0
end_of_record
TN:
SF:src/core/domain/events/event-dispatcher.service.ts
FN:18,(anonymous_0)
FN:25,(anonymous_1)
FN:42,(anonymous_2)
FN:60,(anonymous_3)
FN:97,(anonymous_4)
FN:101,(anonymous_5)
FN:132,(anonymous_6)
FN:144,(anonymous_7)
FN:173,(anonymous_8)
FN:180,(anonymous_9)
FN:193,(anonymous_10)
FNF:11
FNH:0
FNDA:0,(anonymous_0)
FNDA:0,(anonymous_1)
FNDA:0,(anonymous_2)
FNDA:0,(anonymous_3)
FNDA:0,(anonymous_4)
FNDA:0,(anonymous_5)
FNDA:0,(anonymous_6)
FNDA:0,(anonymous_7)
FNDA:0,(anonymous_8)
FNDA:0,(anonymous_9)
FNDA:0,(anonymous_10)
DA:3,0
DA:14,0
DA:15,0
DA:19,0
DA:29,0
DA:30,0
DA:31,0
DA:33,0
DA:43,0
DA:44,0
DA:46,0
DA:47,0
DA:48,0
DA:50,0
DA:61,0
DA:62,0
DA:69,0
DA:72,0
DA:73,0
DA:76,0
DA:82,0
DA:90,0
DA:98,0
DA:99,0
DA:101,0
DA:105,0
DA:106,0
DA:110,0
DA:111,0
DA:114,0
DA:119,0
DA:125,0
DA:133,0
DA:135,0
DA:136,0
DA:140,0
DA:144,0
DA:145,0
DA:146,0
DA:148,0
DA:154,0
DA:167,0
DA:174,0
DA:181,0
DA:183,0
DA:184,0
DA:187,0
DA:194,0
DA:195,0
LF:49
LH:0
BRDA:29,0,0,0
BRDA:29,0,1,0
BRDA:43,1,0,0
BRDA:43,1,1,0
BRDA:46,2,0,0
BRDA:72,3,0,0
BRDA:110,4,0,0
BRDA:133,5,0,0
BRDA:133,5,1,0
BRDA:135,6,0,0
BRF:10
BRH:0
end_of_record
TN:
SF:src/core/domain/events/transaction-created.event.ts
FN:19,(anonymous_0)
FN:26,(anonymous_1)
FN:33,(anonymous_2)
FN:37,(anonymous_3)
FN:41,(anonymous_4)
FN:45,(anonymous_5)
FN:49,(anonymous_6)
FN:53,(anonymous_7)
FN:57,(anonymous_8)
FN:61,(anonymous_9)
FN:65,(anonymous_10)
FN:69,(anonymous_11)
FNF:12
FNH:0
FNDA:0,(anonymous_0)
FNDA:0,(anonymous_1)
FNDA:0,(anonymous_2)
FNDA:0,(anonymous_3)
FNDA:0,(anonymous_4)
FNDA:0,(anonymous_5)
FNDA:0,(anonymous_6)
FNDA:0,(anonymous_7)
FNDA:0,(anonymous_8)
FNDA:0,(anonymous_9)
FNDA:0,(anonymous_10)
FNDA:0,(anonymous_11)
DA:2,0
DA:18,0
DA:21,0
DA:23,0
DA:27,0
DA:34,0
DA:38,0
DA:42,0
DA:46,0
DA:50,0
DA:54,0
DA:58,0
DA:62,0
DA:66,0
DA:70,0
LF:15
LH:0
BRF:0
BRH:0
end_of_record
TN:
SF:src/core/domain/events/transaction-events.ts
FN:9,(anonymous_0)
FN:17,(anonymous_1)
FN:38,(anonymous_2)
FN:49,(anonymous_3)
FN:72,(anonymous_4)
FN:82,(anonymous_5)
FN:104,(anonymous_6)
FN:115,(anonymous_7)
FN:138,(anonymous_8)
FN:148,(anonymous_9)
FN:170,(anonymous_10)
FN:182,(anonymous_11)
FN:208,(anonymous_12)
FN:219,(anonymous_13)
FN:242,(anonymous_14)
FN:252,(anonymous_15)
FNF:16
FNH:0
FNDA:0,(anonymous_0)
FNDA:0,(anonymous_1)
FNDA:0,(anonymous_2)
FNDA:0,(anonymous_3)
FNDA:0,(anonymous_4)
FNDA:0,(anonymous_5)
FNDA:0,(anonymous_6)
FNDA:0,(anonymous_7)
FNDA:0,(anonymous_8)
FNDA:0,(anonymous_9)
FNDA:0,(anonymous_10)
FNDA:0,(anonymous_11)
FNDA:0,(anonymous_12)
FNDA:0,(anonymous_13)
FNDA:0,(anonymous_14)
FNDA:0,(anonymous_15)
DA:2,0
DA:6,0
DA:7,0
DA:10,0
DA:11,0
DA:12,0
DA:14,0
DA:18,0
DA:35,0
DA:36,0
DA:39,0
DA:40,0
DA:41,0
DA:42,0
DA:43,0
DA:44,0
DA:46,0
DA:50,0
DA:69,0
DA:70,0
DA:73,0
DA:74,0
DA:75,0
DA:76,0
DA:77,0
DA:79,0
DA:83,0
DA:101,0
DA:102,0
DA:105,0
DA:106,0
DA:107,0
DA:108,0
DA:109,0
DA:110,0
DA:112,0
DA:116,0
DA:135,0
DA:136,0
DA:139,0
DA:140,0
DA:141,0
DA:142,0
DA:143,0
DA:145,0
DA:149,0
DA:167,0
DA:168,0
DA:171,0
DA:172,0
DA:173,0
DA:174,0
DA:175,0
DA:176,0
DA:177,0
DA:179,0
DA:183,0
DA:205,0
DA:206,0
DA:209,0
DA:210,0
DA:211,0
DA:212,0
DA:213,0
DA:214,0
DA:216,0
DA:220,0
DA:239,0
DA:240,0
DA:243,0
DA:244,0
DA:245,0
DA:246,0
DA:247,0
DA:249,0
DA:253,0
LF:76
LH:0
BRF:0
BRH:0
end_of_record
TN:
SF:src/core/domain/events/user-logged-in.event.ts
FN:11,(anonymous_0)
FN:18,(anonymous_1)
FN:25,(anonymous_2)
FN:29,(anonymous_3)
FN:33,(anonymous_4)
FNF:5
FNH:0
FNDA:0,(anonymous_0)
FNDA:0,(anonymous_1)
FNDA:0,(anonymous_2)
FNDA:0,(anonymous_3)
FNDA:0,(anonymous_4)
DA:2,0
DA:10,0
DA:13,0
DA:15,0
DA:19,0
DA:26,0
DA:30,0
DA:34,0
LF:8
LH:0
BRF:0
BRH:0
end_of_record
TN:
SF:src/core/domain/events/user-registered.event.ts
FN:13,(anonymous_0)
FN:20,(anonymous_1)
FN:27,(anonymous_2)
FN:31,(anonymous_3)
FN:35,(anonymous_4)
FN:39,(anonymous_5)
FN:43,(anonymous_6)
FNF:7
FNH:0
FNDA:0,(anonymous_0)
FNDA:0,(anonymous_1)
FNDA:0,(anonymous_2)
FNDA:0,(anonymous_3)
FNDA:0,(anonymous_4)
FNDA:0,(anonymous_5)
FNDA:0,(anonymous_6)
DA:2,0
DA:12,0
DA:15,0
DA:17,0
DA:21,0
DA:28,0
DA:32,0
DA:36,0
DA:40,0
DA:44,0
LF:10
LH:0
BRF:0
BRH:0
end_of_record
TN:
SF:src/core/domain/factories/transaction.factory.ts
FN:28,(anonymous_0)
FN:59,(anonymous_1)
FN:66,(anonymous_2)
FN:73,(anonymous_3)
FN:80,(anonymous_4)
FN:92,(anonymous_5)
FN:130,(anonymous_6)
FN:131,(anonymous_7)
FN:134,(anonymous_8)
FN:160,(anonymous_9)
FNF:10
FNH:0
FNDA:0,(anonymous_0)
FNDA:0,(anonymous_1)
FNDA:0,(anonymous_2)
FNDA:0,(anonymous_3)
FNDA:0,(anonymous_4)
FNDA:0,(anonymous_5)
FNDA:0,(anonymous_6)
FNDA:0,(anonymous_7)
FNDA:0,(anonymous_8)
FNDA:0,(anonymous_9)
DA:2,0
DA:3,0
DA:5,0
DA:27,0
DA:29,0
DA:30,0
DA:32,0
DA:56,0
DA:60,0
DA:67,0
DA:74,0
DA:85,0
DA:93,0
DA:127,0
DA:131,0
DA:135,0
DA:137,0
DA:157,0
DA:161,0
DA:162,0
DA:165,0
DA:166,0
DA:168,0
DA:170,0
DA:171,0
DA:173,0
DA:174,0
DA:176,0
DA:177,0
DA:179,0
DA:180,0
DA:182,0
DA:186,0
DA:187,0
DA:190,0
DA:191,0
DA:214,0
LF:37
LH:0
BRDA:39,0,0,0
BRDA:39,0,1,0
BRDA:43,1,0,0
BRDA:43,1,1,0
BRDA:46,2,0,0
BRDA:46,2,1,0
BRDA:48,3,0,0
BRDA:48,3,1,0
BRDA:50,4,0,0
BRDA:50,4,1,0
BRDA:95,5,0,0
BRDA:95,5,1,0
BRDA:96,6,0,0
BRDA:96,6,1,0
BRDA:97,7,0,0
BRDA:97,7,1,0
BRDA:98,8,0,0
BRDA:98,8,1,0
BRDA:101,9,0,0
BRDA:101,9,1,0
BRDA:102,10,0,0
BRDA:102,10,1,0
BRDA:102,10,2,0
BRDA:106,11,0,0
BRDA:106,11,1,0
BRDA:107,12,0,0
BRDA:107,12,1,0
BRDA:108,13,0,0
BRDA:108,13,1,0
BRDA:109,14,0,0
BRDA:109,14,1,0
BRDA:109,14,2,0
BRDA:110,15,0,0
BRDA:110,15,1,0
BRDA:110,15,2,0
BRDA:111,16,0,0
BRDA:111,16,1,0
BRDA:112,17,0,0
BRDA:112,17,1,0
BRDA:114,18,0,0
BRDA:114,18,1,0
BRDA:114,19,0,0
BRDA:114,19,1,0
BRDA:116,20,0,0
BRDA:116,20,1,0
BRDA:118,21,0,0
BRDA:118,21,1,0
BRDA:118,22,0,0
BRDA:118,22,1,0
BRDA:119,23,0,0
BRDA:119,23,1,0
BRDA:120,24,0,0
BRDA:120,24,1,0
BRDA:121,25,0,0
BRDA:121,25,1,0
BRDA:122,26,0,0
BRDA:122,26,1,0
BRDA:123,27,0,0
BRDA:123,27,1,0
BRDA:124,28,0,0
BRDA:124,28,1,0
BRDA:134,29,0,0
BRDA:138,30,0,0
BRDA:138,30,1,0
BRDA:139,31,0,0
BRDA:139,31,1,0
BRDA:140,32,0,0
BRDA:140,32,1,0
BRDA:141,33,0,0
BRDA:141,33,1,0
BRDA:142,34,0,0
BRDA:142,34,1,0
BRDA:143,35,0,0
BRDA:143,35,1,0
BRDA:144,36,0,0
BRDA:144,36,1,0
BRDA:145,37,0,0
BRDA:145,37,1,0
BRDA:146,38,0,0
BRDA:146,38,1,0
BRDA:147,39,0,0
BRDA:147,39,1,0
BRDA:148,40,0,0
BRDA:148,40,1,0
BRDA:149,41,0,0
BRDA:149,41,1,0
BRDA:150,42,0,0
BRDA:150,42,1,0
BRDA:151,43,0,0
BRDA:151,43,1,0
BRDA:152,44,0,0
BRDA:152,44,1,0
BRDA:153,45,0,0
BRDA:153,45,1,0
BRDA:154,46,0,0
BRDA:154,46,1,0
BRDA:161,47,0,0
BRDA:161,48,0,0
BRDA:161,48,1,0
BRDA:168,49,0,0
BRDA:168,49,1,0
BRDA:168,49,2,0
BRDA:168,49,3,0
BRDA:168,49,4,0
BRDA:186,50,0,0
BRDA:186,51,0,0
BRDA:186,51,1,0
BRDA:202,52,0,0
BRDA:202,52,1,0
BRF:109
BRH:0
end_of_record
TN:
SF:src/core/domain/services/budget.service.ts
FN:31,(anonymous_0)
FN:36,(anonymous_1)
FN:51,(anonymous_2)
FN:60,(anonymous_3)
FN:75,(anonymous_4)
FN:84,(anonymous_5)
FN:89,(anonymous_6)
FN:143,(anonymous_7)
FN:159,(anonymous_8)
FN:174,(anonymous_9)
FN:210,(anonymous_10)
FNF:11
FNH:0
FNDA:0,(anonymous_0)
FNDA:0,(anonymous_1)
FNDA:0,(anonymous_2)
FNDA:0,(anonymous_3)
FNDA:0,(anonymous_4)
FNDA:0,(anonymous_5)
FNDA:0,(anonymous_6)
FNDA:0,(anonymous_7)
FNDA:0,(anonymous_8)
FNDA:0,(anonymous_9)
FNDA:0,(anonymous_10)
DA:5,0
DA:6,0
DA:30,0
DA:40,0
DA:42,0
DA:43,0
DA:46,0
DA:47,0
DA:50,0
DA:51,0
DA:55,0
DA:56,0
DA:60,0
DA:61,0
DA:62,0
DA:63,0
DA:66,0
DA:79,0
DA:80,0
DA:82,0
DA:83,0
DA:84,0
DA:88,0
DA:89,0
DA:90,0
DA:91,0
DA:93,0
DA:98,0
DA:103,0
DA:104,0
DA:105,0
DA:106,0
DA:108,0
DA:111,0
DA:121,0
DA:122,0
DA:127,0
DA:131,0
DA:140,0
DA:143,0
DA:146,0
DA:149,0
DA:152,0
DA:172,0
DA:174,0
DA:175,0
DA:177,0
DA:178,0
DA:188,0
DA:190,0
DA:191,0
DA:204,0
DA:215,0
DA:216,0
DA:218,0
DA:222,0
LF:56
LH:0
BRDA:42,0,0,0
BRDA:42,1,0,0
BRDA:42,1,1,0
BRDA:46,2,0,0
BRDA:46,3,0,0
BRDA:46,3,1,0
BRDA:55,4,0,0
BRDA:62,5,0,0
BRDA:90,6,0,0
BRDA:90,6,1,0
BRDA:98,7,0,0
BRDA:98,7,1,0
BRDA:103,8,0,0
BRDA:103,8,1,0
BRDA:105,9,0,0
BRDA:105,9,1,0
BRDA:127,10,0,0
BRDA:127,10,1,0
BRDA:175,11,0,0
BRDA:175,11,1,0
BRDA:175,12,0,0
BRDA:175,12,1,0
BRDA:188,13,0,0
BRDA:188,14,0,0
BRDA:188,14,1,0
BRDA:218,15,0,0
BRDA:218,15,1,0
BRF:27
BRH:0
end_of_record
TN:
SF:src/core/domain/services/ledger.service.ts
FN:49,(anonymous_0)
FN:54,(anonymous_1)
FN:93,(anonymous_2)
FN:94,(anonymous_3)
FN:151,(anonymous_4)
FN:191,(anonymous_5)
FN:214,(anonymous_6)
FN:237,(anonymous_7)
FN:260,(anonymous_8)
FN:312,(anonymous_9)
FNF:10
FNH:10
FNDA:29,(anonymous_0)
FNDA:29,(anonymous_1)
FNDA:28,(anonymous_2)
FNDA:14,(anonymous_3)
FNDA:4,(anonymous_4)
FNDA:1,(anonymous_5)
FNDA:1,(anonymous_6)
FNDA:1,(anonymous_7)
FNDA:29,(anonymous_8)
FNDA:42,(anonymous_9)
DA:2,1
DA:3,1
DA:4,1
DA:6,1
DA:48,1
DA:49,29
DA:55,29
DA:56,29
DA:63,29
DA:66,14
DA:67,14
DA:69,14
DA:70,28
DA:88,28
DA:92,14
DA:93,28
DA:94,14
DA:97,14
DA:100,14
DA:115,14
DA:116,0
DA:120,14
DA:123,14
DA:125,14
DA:126,28
DA:129,14
DA:137,14
DA:140,15
DA:144,15
DA:160,4
DA:185,4
DA:201,1
DA:224,1
DA:247,1
DA:261,29
DA:262,2
DA:265,27
DA:266,1
DA:269,26
DA:270,1
DA:273,25
DA:274,2
DA:278,23
DA:279,42
DA:283,17
DA:285,17
DA:286,36
DA:287,36
DA:288,18
DA:291,36
DA:292,36
DA:294,36
DA:295,18
DA:297,18
DA:302,17
DA:303,18
DA:304,3
DA:313,42
DA:314,1
DA:317,41
DA:318,1
DA:321,40
DA:322,1
DA:325,39
DA:326,1
DA:329,38
DA:330,1
DA:333,37
DA:334,0
DA:337,37
DA:338,1
DA:341,36
DA:342,0
LF:73
LH:70
BRDA:115,0,0,0
BRDA:261,1,0,2
BRDA:261,2,0,29
BRDA:261,2,1,27
BRDA:265,3,0,1
BRDA:265,4,0,27
BRDA:265,4,1,26
BRDA:269,5,0,1
BRDA:269,6,0,26
BRDA:269,6,1,25
BRDA:273,7,0,2
BRDA:273,8,0,25
BRDA:273,8,1,25
BRDA:287,9,0,18
BRDA:294,10,0,18
BRDA:294,10,1,18
BRDA:303,11,0,3
BRDA:313,12,0,1
BRDA:313,13,0,42
BRDA:313,13,1,41
BRDA:317,14,0,1
BRDA:317,15,0,41
BRDA:317,15,1,40
BRDA:321,16,0,1
BRDA:325,17,0,1
BRDA:329,18,0,1
BRDA:329,19,0,38
BRDA:329,19,1,38
BRDA:333,20,0,0
BRDA:333,21,0,37
BRDA:333,21,1,37
BRDA:337,22,0,1
BRDA:337,23,0,37
BRDA:337,23,1,2
BRDA:341,24,0,0
BRDA:341,25,0,36
BRDA:341,25,1,1
BRF:37
BRH:34
end_of_record
TN:
SF:src/core/domain/services/unit-of-work.service.ts
FN:23,(anonymous_0)
FN:28,(anonymous_1)
FN:45,(anonymous_2)
FN:61,(anonymous_3)
FN:77,(anonymous_4)
FN:125,(anonymous_5)
FN:162,(anonymous_6)
FN:178,(anonymous_7)
FN:201,(anonymous_8)
FN:224,(anonymous_9)
FN:247,(anonymous_10)
FN:266,(anonymous_11)
FN:282,(anonymous_12)
FN:289,(anonymous_13)
FN:296,(anonymous_14)
FN:303,(anonymous_15)
FN:310,(anonymous_16)
FN:317,(anonymous_17)
FN:327,(anonymous_18)
FN:345,(anonymous_19)
FN:369,(anonymous_20)
FN:370,(anonymous_21)
FN:382,(anonymous_22)
FN:389,(anonymous_23)
FNF:24
FNH:24
FNDA:44,(anonymous_0)
FNDA:8,(anonymous_1)
FNDA:35,(anonymous_2)
FNDA:1,(anonymous_3)
FNDA:18,(anonymous_4)
FNDA:14,(anonymous_5)
FNDA:2,(anonymous_6)
FNDA:3,(anonymous_7)
FNDA:2,(anonymous_8)
FNDA:2,(anonymous_9)
FNDA:9,(anonymous_10)
FNDA:7,(anonymous_11)
FNDA:6,(anonymous_12)
FNDA:5,(anonymous_13)
FNDA:6,(anonymous_14)
FNDA:4,(anonymous_15)
FNDA:4,(anonymous_16)
FNDA:2,(anonymous_17)
FNDA:4,(anonymous_18)
FNDA:15,(anonymous_19)
FNDA:31,(anonymous_20)
FNDA:6,(anonymous_21)
FNDA:26,(anonymous_22)
FNDA:26,(anonymous_23)
DA:3,1
DA:17,1
DA:18,44
DA:19,44
DA:20,44
DA:21,44
DA:23,44
DA:29,8
DA:32,8
DA:33,5
DA:34,5
[...]
FNDA:0,(anonymous_10)
FNDA:0,(anonymous_11)
FNDA:0,(anonymous_12)
FNDA:0,(anonymous_13)
FNDA:0,(anonymous_14)
FNDA:0,(anonymous_15)
FNDA:0,(anonymous_16)
FNDA:0,(anonymous_17)
FNDA:0,(anonymous_18)
FNDA:0,(anonymous_19)
FNDA:0,(anonymous_20)
FNDA:0,(anonymous_21)
FNDA:0,(anonymous_22)
FNDA:0,(anonymous_23)
FNDA:0,(anonymous_24)
FNDA:0,(anonymous_25)
FNDA:0,(anonymous_26)
FNDA:0,(anonymous_27)
FNDA:0,(anonymous_28)
FNDA:0,(anonymous_29)
DA:1,0
DA:2,0
DA:4,0
DA:21,0
DA:23,0
DA:24,0
DA:25,0
DA:26,0
DA:31,0
DA:32,0
DA:34,0
DA:44,0
DA:46,0
DA:47,0
DA:52,0
DA:64,0
DA:65,0
DA:68,0
DA:80,0
DA:82,0
DA:89,0
DA:90,0
DA:93,0
DA:94,0
DA:99,0
DA:100,0
DA:103,0
DA:104,0
DA:106,0
DA:107,0
DA:112,0
DA:113,0
DA:114,0
DA:115,0
DA:117,0
DA:121,0
DA:123,0
DA:126,0
DA:128,0
DA:129,0
DA:132,0
DA:134,0
DA:135,0
DA:136,0
DA:137,0
DA:139,0
DA:141,0
DA:142,0
DA:143,0
DA:144,0
DA:146,0
DA:152,0
DA:153,0
DA:155,0
DA:156,0
DA:157,0
DA:165,0
DA:166,0
DA:175,0
DA:182,0
DA:189,0
DA:191,0
DA:192,0
DA:194,0
DA:195,0
DA:197,0
DA:198,0
DA:200,0
DA:204,0
DA:205,0
DA:211,0
DA:217,0
DA:223,0
DA:228,0
DA:230,0
DA:231,0
DA:234,0
DA:238,0
DA:242,0
DA:243,0
DA:247,0
DA:248,0
DA:249,0
DA:250,0
DA:251,0
DA:252,0
DA:257,0
DA:258,0
DA:259,0
DA:260,0
DA:261,0
DA:266,0
DA:267,0
DA:269,0
DA:271,0
DA:275,0
DA:277,0
DA:278,0
DA:279,0
DA:280,0
DA:281,0
DA:285,0
DA:289,0
DA:301,0
DA:303,0
DA:305,0
DA:306,0
DA:307,0
DA:308,0
LF:109
LH:0
BRDA:31,0,0,0
BRDA:46,1,0,0
BRDA:89,2,0,0
BRDA:99,3,0,0
BRDA:113,4,0,0
BRDA:123,5,0,0
BRDA:123,5,1,0
BRDA:123,5,2,0
BRDA:128,6,0,0
BRDA:153,7,0,0
BRDA:153,7,1,0
BRDA:155,8,0,0
BRDA:155,8,1,0
BRDA:189,9,0,0
BRDA:189,9,1,0
BRDA:189,9,2,0
BRDA:189,9,3,0
BRDA:204,10,0,0
BRDA:230,11,0,0
BRDA:238,12,0,0
BRDA:238,12,1,0
BRDA:242,13,0,0
BRDA:242,13,1,0
BRDA:248,14,0,0
BRDA:258,15,0,0
BRDA:265,16,0,0
BRDA:271,17,0,0
BRDA:271,17,1,0
BRDA:271,17,2,0
BRDA:279,18,0,0
BRF:30
BRH:0
end_of_record
TN:
SF:src/infrastructure/patterns/outbox.service.ts
FN:27,(anonymous_0)
FN:29,(anonymous_1)
FN:36,(anonymous_2)
FN:76,(anonymous_3)
FN:84,(anonymous_4)
FN:89,(anonymous_5)
FN:98,(anonymous_6)
FN:100,(anonymous_7)
FN:101,(anonymous_8)
FN:147,(anonymous_9)
FN:165,(anonymous_10)
FN:169,(anonymous_11)
FN:175,(anonymous_12)
FN:179,(anonymous_13)
FN:188,(anonymous_14)
FN:197,(anonymous_15)
FN:202,(anonymous_16)
FN:207,(anonymous_17)
FN:209,(anonymous_18)
FN:214,(anonymous_19)
FN:218,(anonymous_20)
FN:229,(anonymous_21)
FN:230,(anonymous_22)
FN:231,(anonymous_23)
FNF:24
FNH:0
FNDA:0,(anonymous_0)
FNDA:0,(anonymous_1)
FNDA:0,(anonymous_2)
FNDA:0,(anonymous_3)
FNDA:0,(anonymous_4)
FNDA:0,(anonymous_5)
FNDA:0,(anonymous_6)
FNDA:0,(anonymous_7)
FNDA:0,(anonymous_8)
FNDA:0,(anonymous_9)
FNDA:0,(anonymous_10)
FNDA:0,(anonymous_11)
FNDA:0,(anonymous_12)
FNDA:0,(anonymous_13)
FNDA:0,(anonymous_14)
FNDA:0,(anonymous_15)
FNDA:0,(anonymous_16)
FNDA:0,(anonymous_17)
FNDA:0,(anonymous_18)
FNDA:0,(anonymous_19)
FNDA:0,(anonymous_20)
FNDA:0,(anonymous_21)
FNDA:0,(anonymous_22)
FNDA:0,(anonymous_23)
DA:1,0
DA:2,0
DA:5,0
DA:21,0
DA:23,0
DA:24,0
DA:25,0
DA:30,0
DA:31,0
DA:33,0
DA:43,0
DA:44,0
DA:45,0
DA:58,0
DA:60,0
DA:67,0
DA:68,0
DA:71,0
DA:72,0
DA:77,0
DA:78,0
DA:81,0
DA:82,0
DA:84,0
DA:85,0
DA:90,0
DA:91,0
DA:92,0
DA:93,0
DA:95,0
DA:99,0
DA:100,0
DA:101,0
DA:103,0
DA:104,0
DA:107,0
DA:109,0
DA:110,0
DA:111,0
DA:113,0
DA:114,0
DA:115,0
DA:117,0
DA:122,0
DA:123,0
DA:125,0
DA:126,0
DA:127,0
DA:134,0
DA:142,0
DA:150,0
DA:157,0
DA:158,0
DA:166,0
DA:168,0
DA:169,0
DA:172,0
DA:176,0
DA:180,0
DA:181,0
DA:182,0
DA:183,0
DA:184,0
DA:189,0
DA:190,0
DA:191,0
DA:192,0
DA:193,0
DA:198,0
DA:199,0
DA:201,0
DA:203,0
DA:207,0
DA:209,0
DA:211,0
DA:215,0
DA:225,0
DA:227,0
DA:229,0
DA:230,0
DA:231,0
LF:81
LH:0
BRDA:30,0,0,0
BRDA:41,1,0,0
BRDA:67,2,0,0
BRDA:77,3,0,0
BRDA:91,4,0,0
BRDA:100,5,0,0
BRDA:100,5,1,0
BRDA:100,5,2,0
BRDA:103,6,0,0
BRDA:123,7,0,0
BRDA:123,7,1,0
BRDA:125,8,0,0
BRDA:125,8,1,0
BRDA:157,9,0,0
BRDA:168,10,0,0
BRDA:176,11,0,0
BRDA:176,11,1,0
BRDA:181,12,0,0
BRDA:190,13,0,0
BRDA:197,14,0,0
BRDA:203,15,0,0
BRDA:203,15,1,0
BRDA:203,15,2,0
BRF:23
BRH:0
end_of_record
TN:
SF:src/jobs/queue.service.ts
FN:9,(anonymous_0)
FN:27,(anonymous_1)
FN:37,(anonymous_2)
FN:121,(anonymous_3)
FN:128,(anonymous_4)
FN:151,(anonymous_5)
FN:195,(anonymous_6)
FN:207,(anonymous_7)
FN:219,(anonymous_8)
FN:257,(anonymous_9)
FN:284,(anonymous_10)
FN:298,(anonymous_11)
FN:306,(anonymous_12)
FN:310,(anonymous_13)
FN:314,(anonymous_14)
FN:331,(anonymous_15)
FN:360,(anonymous_16)
FN:383,(anonymous_17)
FN:427,(anonymous_18)
FN:429,(anonymous_19)
FN:436,(anonymous_20)
FN:437,(anonymous_21)
FN:440,(anonymous_22)
FN:444,(anonymous_23)
FN:445,(anonymous_24)
FN:449,(anonymous_25)
FN:450,(anonymous_26)
FN:451,(anonymous_27)
FN:452,(anonymous_28)
FN:453,(anonymous_29)
FN:462,(anonymous_30)
FN:469,(anonymous_31)
FN:479,(anonymous_32)
FN:492,(anonymous_33)
FN:502,(anonymous_34)
FN:509,(anonymous_35)
FN:547,(anonymous_36)
FN:548,(anonymous_37)
FN:582,(anonymous_38)
FN:603,(anonymous_39)
FN:633,(anonymous_40)
FN:654,(anonymous_41)
FN:663,(anonymous_42)
FN:670,(anonymous_43)
FN:678,(anonymous_44)
FN:683,(anonymous_45)
FN:690,(anonymous_46)
FN:693,(anonymous_47)
FN:700,(anonymous_48)
FN:703,(anonymous_49)
FN:710,(anonymous_50)
FN:713,(anonymous_51)
FN:726,(anonymous_52)
FN:733,(anonymous_53)
FN:738,(anonymous_54)
FN:744,(anonymous_55)
FN:751,(anonymous_56)
FN:755,(anonymous_57)
FN:756,(anonymous_58)
FN:759,(anonymous_59)
FN:765,(anonymous_60)
FN:769,(anonymous_61)
FN:773,(anonymous_62)
FN:782,(anonymous_63)
FN:801,(anonymous_64)
FN:810,(anonymous_65)
FNF:66
FNH:0
FNDA:0,(anonymous_0)
FNDA:0,(anonymous_1)
FNDA:0,(anonymous_2)
FNDA:0,(anonymous_3)
FNDA:0,(anonymous_4)
FNDA:0,(anonymous_5)
FNDA:0,(anonymous_6)
FNDA:0,(anonymous_7)
FNDA:0,(anonymous_8)
FNDA:0,(anonymous_9)
FNDA:0,(anonymous_10)
FNDA:0,(anonymous_11)
FNDA:0,(anonymous_12)
FNDA:0,(anonymous_13)
FNDA:0,(anonymous_14)
FNDA:0,(anonymous_15)
FNDA:0,(anonymous_16)
FNDA:0,(anonymous_17)
FNDA:0,(anonymous_18)
FNDA:0,(anonymous_19)
FNDA:0,(anonymous_20)
FNDA:0,(anonymous_21)
FNDA:0,(anonymous_22)
FNDA:0,(anonymous_23)
FNDA:0,(anonymous_24)
FNDA:0,(anonymous_25)
FNDA:0,(anonymous_26)
FNDA:0,(anonymous_27)
FNDA:0,(anonymous_28)
FNDA:0,(anonymous_29)
FNDA:0,(anonymous_30)
FNDA:0,(anonymous_31)
FNDA:0,(anonymous_32)
FNDA:0,(anonymous_33)
FNDA:0,(anonymous_34)
FNDA:0,(anonymous_35)
FNDA:0,(anonymous_36)
FNDA:0,(anonymous_37)
FNDA:0,(anonymous_38)
FNDA:0,(anonymous_39)
FNDA:0,(anonymous_40)
FNDA:0,(anonymous_41)
FNDA:0,(anonymous_42)
FNDA:0,(anonymous_43)
FNDA:0,(anonymous_44)
FNDA:0,(anonymous_45)
FNDA:0,(anonymous_46)
FNDA:0,(anonymous_47)
FNDA:0,(anonymous_48)
FNDA:0,(anonymous_49)
FNDA:0,(anonymous_50)
FNDA:0,(anonymous_51)
FNDA:0,(anonymous_52)
FNDA:0,(anonymous_53)
FNDA:0,(anonymous_54)
FNDA:0,(anonymous_55)
FNDA:0,(anonymous_56)
FNDA:0,(anonymous_57)
FNDA:0,(anonymous_58)
FNDA:0,(anonymous_59)
FNDA:0,(anonymous_60)
FNDA:0,(anonymous_61)
FNDA:0,(anonymous_62)
FNDA:0,(anonymous_63)
FNDA:0,(anonymous_64)
FNDA:0,(anonymous_65)
DA:2,0
DA:3,0
DA:4,0
DA:9,0
DA:10,0
DA:11,0
DA:12,0
DA:13,0
DA:14,0
DA:15,0
DA:16,0
DA:17,0
DA:18,0
DA:19,0
DA:20,0
DA:21,0
DA:27,0
DA:28,0
DA:29,0
DA:30,0
DA:31,0
DA:37,0
DA:38,0
DA:39,0
DA:40,0
DA:41,0
DA:42,0
DA:43,0
DA:113,0
DA:114,0
DA:115,0
DA:117,0
DA:118,0
DA:119,0
DA:122,0
DA:129,0
DA:130,0
DA:131,0
DA:132,0
DA:134,0
DA:141,0
DA:144,0
DA:153,0
DA:158,0
DA:163,0
DA:168,0
DA:173,0
DA:178,0
DA:183,0
DA:187,0
DA:196,0
DA:198,0
DA:208,0
DA:210,0
DA:228,0
DA:229,0
DA:231,0
DA:256,0
DA:257,0
DA:258,0
DA:259,0
DA:262,0
DA:263,0
DA:266,0
DA:271,0
DA:278,0
DA:285,0
DA:287,0
DA:289,0
DA:292,0
DA:303,0
DA:305,0
DA:306,0
DA:309,0
DA:310,0
DA:314,0
DA:315,0
DA:316,0
DA:318,0
DA:321,0
DA:322,0
DA:325,0
DA:332,0
DA:334,0
DA:335,0
DA:338,0
DA:339,0
DA:340,0
DA:343,0
DA:344,0
DA:346,0
DA:348,0
DA:352,0
DA:354,0
DA:361,0
DA:363,0
DA:364,0
DA:367,0
DA:368,0
DA:369,0
DA:372,0
DA:373,0
DA:375,0
DA:377,0
DA:388,0
DA:389,0
DA:390,0
DA:391,0
DA:393,0
DA:394,0
DA:396,0
DA:397,0
DA:398,0
DA:400,0
DA:401,0
DA:407,0
DA:408,0
DA:409,0
DA:410,0
DA:413,0
DA:414,0
DA:421,0
DA:428,0
DA:429,0
DA:431,0
DA:434,0
DA:435,0
DA:436,0
DA:437,0
DA:439,0
DA:440,0
DA:443,0
DA:444,0
DA:445,0
DA:448,0
DA:449,0
DA:450,0
DA:451,0
DA:452,0
DA:453,0
DA:463,0
DA:464,0
DA:467,0
DA:469,0
DA:470,0
DA:473,0
DA:480,0
DA:481,0
DA:482,0
DA:485,0
DA:486,0
DA:493,0
DA:494,0
DA:497,0
DA:502,0
DA:503,0
DA:510,0
DA:511,0
DA:514,0
DA:515,0
DA:516,0
DA:521,0
DA:522,0
DA:523,0
DA:524,0
DA:526,0
DA:527,0
DA:530,0
DA:532,0
DA:534,0
DA:535,0
DA:536,0
DA:537,0
DA:538,0
DA:540,0
DA:547,0
DA:548,0
DA:551,0
DA:553,0
DA:556,0
DA:557,0
DA:558,0
DA:559,0
DA:561,0
DA:563,0
DA:568,0
DA:573,0
DA:581,0
DA:582,0
DA:586,0
DA:587,0
DA:589,0
DA:590,0
DA:593,0
DA:594,0
DA:597,0
DA:598,0
DA:599,0
DA:603,0
DA:604,0
DA:605,0
DA:606,0
DA:609,0
DA:620,0
DA:621,0
DA:623,0
DA:632,0
DA:633,0
DA:637,0
DA:642,0
DA:647,0
DA:648,0
DA:656,0
DA:663,0
DA:665,0
DA:666,0
DA:671,0
DA:678,0
DA:680,0
DA:684,0
DA:690,0
DA:694,0
DA:700,0
DA:704,0
DA:710,0
DA:714,0
DA:719,0
DA:720,0
DA:721,0
DA:727,0
DA:733,0
DA:735,0
DA:739,0
DA:744,0
DA:746,0
DA:752,0
DA:756,0
DA:762,0
DA:766,0
DA:770,0
DA:776,0
DA:783,0
DA:784,0
DA:786,0
DA:802,0
DA:804,0
DA:807,0
DA:808,0
DA:809,0
DA:810,0
DA:811,0
DA:814,0
DA:815,0
DA:820,0
DA:821,0
DA:822,0
DA:824,0
DA:829,0
DA:832,0
DA:835,0
DA:838,0
LF:261
LH:0
BRDA:9,0,0,0
BRDA:9,0,1,0
BRDA:27,1,0,0
BRDA:27,1,1,0
BRDA:37,2,0,0
BRDA:37,2,1,0
BRDA:118,3,0,0
BRDA:118,3,1,0
BRDA:142,4,0,0
BRDA:142,4,1,0
BRDA:222,5,0,0
BRDA:235,6,0,0
BRDA:235,6,1,0
BRDA:238,7,0,0
BRDA:238,7,1,0
BRDA:256,8,0,0
BRDA:256,8,1,0
BRDA:256,9,0,0
BRDA:256,9,1,0
BRDA:268,10,0,0
BRDA:268,10,1,0
BRDA:287,11,0,0
BRDA:292,12,0,0
BRDA:292,12,1,0
BRDA:298,13,0,0
BRDA:305,14,0,0
BRDA:309,15,0,0
BRDA:315,16,0,0
BRDA:321,17,0,0
BRDA:334,18,0,0
BRDA:338,19,0,0
BRDA:363,20,0,0
BRDA:367,21,0,0
BRDA:383,22,0,0
BRDA:388,23,0,0
BRDA:388,23,1,0
BRDA:389,24,0,0
BRDA:389,24,1,0
BRDA:390,25,0,0
BRDA:390,25,1,0
BRDA:397,26,0,0
BRDA:397,27,0,0
BRDA:397,27,1,0
BRDA:400,28,0,0
BRDA:413,29,0,0
BRDA:434,30,0,0
BRDA:436,31,0,0
BRDA:436,31,1,0
BRDA:439,32,0,0
BRDA:463,33,0,0
BRDA:480,34,0,0
BRDA:493,35,0,0
BRDA:510,36,0,0
BRDA:515,37,0,0
BRDA:548,38,0,0
BRDA:548,38,1,0
BRDA:581,39,0,0
BRDA:581,40,0,0
BRDA:581,40,1,0
BRDA:587,41,0,0
BRDA:587,41,1,0
BRDA:593,42,0,0
BRDA:593,42,1,0
BRDA:597,43,0,0
BRDA:597,43,1,0
BRDA:598,44,0,0
BRDA:632,45,0,0
BRDA:632,46,0,0
BRDA:632,46,1,0
BRDA:665,47,0,0
BRDA:715,48,0,0
BRDA:715,48,1,0
BRDA:719,49,0,0
BRDA:719,50,0,0
BRDA:719,50,1,0
BRDA:784,51,0,0
BRDA:784,51,1,0
BRDA:787,52,0,0
BRDA:787,52,1,0
BRDA:808,53,0,0
BRDA:808,53,1,0
BRDA:814,54,0,0
BRF:82
BRH:0
end_of_record
TN:
SF:src/jobs/processors/transaction-sync.processor.ts
FN:23,(anonymous_0)
FN:28,(anonymous_1)
FN:131,(anonymous_2)
FNF:3
FNH:0
FNDA:0,(anonymous_0)
FNDA:0,(anonymous_1)
FNDA:0,(anonymous_2)
DA:5,0
DA:6,0
DA:22,0
DA:24,0
DA:25,0
DA:29,0
DA:31,0
DA:38,0
DA:39,0
DA:40,0
DA:42,0
DA:43,0
DA:45,0
DA:49,0
DA:50,0
DA:51,0
DA:55,0
DA:75,0
DA:90,0
DA:93,0
DA:96,0
DA:99,0
DA:109,0
DA:119,0
DA:127,0
DA:134,0
LF:26
LH:0
BRDA:49,0,0,0
BRDA:58,1,0,0
BRDA:58,1,1,0
BRDA:134,2,0,0
BRDA:134,2,1,0
BRF:5
BRH:0
end_of_record
TN:
SF:src/jobs/schedulers/daily-summary.scheduler.ts
FN:8,(anonymous_1)
FN:13,(anonymous_2)
FN:15,(anonymous_3)
FN:25,(anonymous_4)
FN:72,(anonymous_5)
FNF:5
FNH:0
FNDA:0,(anonymous_1)
FNDA:0,(anonymous_2)
FNDA:0,(anonymous_3)
FNDA:0,(anonymous_4)
FNDA:0,(anonymous_5)
DA:2,0
DA:5,0
DA:7,0
DA:9,0
DA:10,0
DA:15,0
DA:16,0
DA:22,0
DA:26,0
DA:27,0
DA:29,0
DA:30,0
DA:31,0
DA:33,0
DA:34,0
DA:37,0
DA:42,0
DA:44,0
DA:45,0
DA:47,0
DA:48,0
DA:52,0
DA:58,0
DA:59,0
DA:63,0
DA:72,0
DA:73,0
DA:74,0
DA:75,0
DA:76,0
DA:80,0
DA:81,0
DA:84,0
DA:89,0
DA:91,0
DA:98,0
DA:104,0
DA:110,0
LF:38
LH:0
BRDA:47,0,0,0
BRDA:58,1,0,0
BRDA:73,2,0,0
BRDA:73,2,1,0
BRDA:75,3,0,0
BRDA:80,4,0,0
BRDA:80,4,1,0
BRF:7
BRH:0
end_of_record
TN:
SF:src/shared/decorators/cache.decorator.ts
FN:2,Cache
FN:7,(anonymous_1)
FN:12,(anonymous_2)
FN:36,CacheEvict
FN:41,(anonymous_4)
FN:45,(anonymous_5)
FN:69,getCachedValue
FN:73,setCachedValue
FN:77,deleteCacheKey
FN:81,clearNamespaceCache
FNF:10
FNH:0
FNDA:0,Cache
FNDA:0,(anonymous_1)
FNDA:0,(anonymous_2)
FNDA:0,CacheEvict
FNDA:0,(anonymous_4)
FNDA:0,(anonymous_5)
FNDA:0,getCachedValue
FNDA:0,setCachedValue
FNDA:0,deleteCacheKey
FNDA:0,clearNamespaceCache
DA:2,0
DA:7,0
DA:8,0
DA:9,0
DA:10,0
DA:12,0
DA:13,0
DA:17,0
DA:18,0
DA:19,0
DA:23,0
DA:26,0
DA:28,0
DA:31,0
DA:36,0
DA:41,0
DA:42,0
DA:43,0
DA:45,0
DA:47,0
DA:49,0
DA:51,0
DA:54,0
DA:55,0
DA:58,0
DA:61,0
DA:65,0
DA:67,0
DA:70,0
DA:74,0
DA:78,0
DA:82,0
LF:32
LH:0
BRDA:9,0,0,0
BRDA:9,0,1,0
BRDA:10,1,0,0
BRDA:10,1,1,0
BRDA:13,2,0,0
BRDA:13,2,1,0
BRDA:18,3,0,0
BRDA:43,4,0,0
BRDA:43,4,1,0
BRDA:49,5,0,0
BRDA:49,5,1,0
BRDA:54,6,0,0
BRDA:54,6,1,0
BRF:13
BRH:0
end_of_record
TN:
SF:src/shared/decorators/circuit-breaker.decorator.ts
FN:2,(anonymous_0)
FN:29,CircuitBreaker
FN:35,(anonymous_2)
FN:41,(anonymous_3)
FN:56,(anonymous_4)
FN:130,getCircuitBreakerStatus
FN:136,resetCircuitBreaker
FNF:7
FNH:0
FNDA:0,(anonymous_0)
FNDA:0,CircuitBreaker
FNDA:0,(anonymous_2)
FNDA:0,(anonymous_3)
FNDA:0,(anonymous_4)
FNDA:0,getCircuitBreakerStatus
FNDA:0,resetCircuitBreaker
DA:2,0
DA:3,0
DA:4,0
DA:5,0
DA:22,0
DA:29,0
DA:35,0
DA:36,0
DA:37,0
DA:41,0
DA:44,0
DA:47,0
DA:48,0
DA:56,0
DA:57,0
DA:58,0
DA:61,0
DA:63,0
DA:67,0
DA:69,0
DA:70,0
DA:73,0
DA:74,0
DA:78,0
DA:82,0
DA:85,0
DA:87,0
DA:88,0
DA:91,0
DA:93,0
DA:95,0
DA:96,0
DA:97,0
DA:100,0
DA:103,0
DA:104,0
DA:105,0
DA:108,0
DA:110,0
DA:111,0
DA:112,0
DA:113,0
DA:115,0
DA:116,0
DA:117,0
DA:121,0
DA:125,0
DA:130,0
DA:131,0
DA:132,0
DA:136,0
DA:137,0
DA:138,0
DA:139,0
DA:140,0
DA:141,0
DA:142,0
LF:57
LH:0
BRDA:2,0,0,0
BRDA:2,0,1,0
BRDA:38,1,0,0
BRDA:38,1,1,0
BRDA:39,2,0,0
BRDA:39,2,1,0
BRDA:40,3,0,0
BRDA:40,3,1,0
BRDA:41,4,0,0
BRDA:41,4,1,0
BRDA:47,5,0,0
BRDA:61,6,0,0
BRDA:61,7,0,0
BRDA:61,7,1,0
BRDA:67,8,0,0
BRDA:67,8,1,0
BRDA:67,8,2,0
BRDA:69,9,0,0
BRDA:93,10,0,0
BRDA:103,11,0,0
BRDA:108,12,0,0
BRDA:108,12,1,0
BRDA:108,13,0,0
BRDA:108,13,1,0
BRDA:113,14,0,0
BRDA:139,15,0,0
BRF:26
BRH:0
end_of_record
TN:
SF:src/shared/decorators/retry.decorator.ts
FN:2,Retry
FN:8,(anonymous_1)
FN:13,(anonymous_2)
FN:15,(anonymous_3)
FN:49,sleep
FN:50,(anonymous_5)
FN:56,(anonymous_6)
FN:62,(anonymous_7)
FN:67,(anonymous_8)
FN:69,(anonymous_9)
FN:73,(anonymous_10)
FNF:11
FNH:0
FNDA:0,Retry
FNDA:0,(anonymous_1)
FNDA:0,(anonymous_2)
FNDA:0,(anonymous_3)
FNDA:0,sleep
FNDA:0,(anonymous_5)
FNDA:0,(anonymous_6)
FNDA:0,(anonymous_7)
FNDA:0,(anonymous_8)
FNDA:0,(anonymous_9)
FNDA:0,(anonymous_10)
DA:2,0
DA:8,0
DA:9,0
DA:10,0
DA:11,0
DA:12,0
DA:13,0
DA:15,0
DA:18,0
DA:19,0
DA:20,0
DA:22,0
DA:25,0
DA:26,0
DA:30,0
DA:34,0
DA:37,0
DA:41,0
DA:44,0
DA:50,0
DA:54,0
DA:57,0
DA:58,0
DA:63,0
DA:68,0
DA:69,0
DA:74,0
LF:27
LH:0
BRDA:10,0,0,0
BRDA:10,0,1,0
BRDA:11,1,0,0
BRDA:11,1,1,0
BRDA:12,2,0,0
BRDA:12,2,1,0
BRDA:13,3,0,0
BRDA:13,3,1,0
BRDA:25,4,0,0
BRDA:25,5,0,0
BRDA:25,5,1,0
BRDA:30,6,0,0
BRDA:30,6,1,0
BRDA:58,7,0,0
BRDA:58,7,1,0
BRDA:63,8,0,0
BRDA:63,8,1,0
BRDA:74,9,0,0
BRDA:74,9,1,0
BRF:19
BRH:0
end_of_record
TN:
SF:src/shared/exceptions/base.exception.old.ts
FN:7,(anonymous_0)
FN:37,(anonymous_1)
FN:42,(anonymous_2)
FN:52,(anonymous_3)
FN:66,(anonymous_4)
FN:78,(anonymous_5)
FN:84,(anonymous_6)
FN:90,(anonymous_7)
FN:96,(anonymous_8)
FN:102,(anonymous_9)
FNF:10
FNH:0
FNDA:0,(anonymous_0)
FNDA:0,(anonymous_1)
FNDA:0,(anonymous_2)
FNDA:0,(anonymous_3)
FNDA:0,(anonymous_4)
FNDA:0,(anonymous_5)
FNDA:0,(anonymous_6)
FNDA:0,(anonymous_7)
FNDA:0,(anonymous_8)
FNDA:0,(anonymous_9)
DA:2,0
DA:13,0
DA:14,0
DA:15,0
DA:16,0
DA:17,0
DA:20,0
DA:25,0
DA:26,0
DA:34,0
DA:38,0
DA:39,0
DA:43,0
DA:51,0
DA:57,0
DA:65,0
DA:72,0
DA:77,0
DA:79,0
DA:83,0
DA:85,0
DA:89,0
DA:91,0
DA:95,0
DA:97,0
DA:101,0
DA:103,0
LF:27
LH:0
BRDA:37,0,0,0
BRDA:54,1,0,0
BRDA:68,2,0,0
BRDA:69,3,0,0
BRF:4
BRH:0
end_of_record
TN:
SF:src/shared/exceptions/base.exception.ts
FN:7,(anonymous_0)
FNF:1
FNH:0
FNDA:0,(anonymous_0)
DA:2,0
DA:13,0
DA:14,0
DA:15,0
DA:16,0
DA:17,0
DA:20,0
LF:7
LH:0
BRF:0
BRH:0
end_of_record
TN:
SF:src/shared/exceptions/business.exception.ts
FN:6,(anonymous_0)
FN:13,(anonymous_1)
FNF:2
FNH:0
FNDA:0,(anonymous_0)
FNDA:0,(anonymous_1)
DA:2,0
DA:3,0
DA:7,0
DA:8,0
DA:9,0
DA:10,0
DA:14,0
LF:7
LH:0
BRDA:6,0,0,0
BRDA:6,1,0,0
BRF:2
BRH:0
end_of_record
TN:
SF:src/shared/exceptions/infrastructure.exception.ts
FN:6,(anonymous_0)
FN:13,(anonymous_1)
FNF:2
FNH:0
FNDA:0,(anonymous_0)
FNDA:0,(anonymous_1)
DA:2,0
DA:3,0
DA:7,0
DA:8,0
DA:9,0
DA:10,0
DA:14,0
LF:7
LH:0
BRDA:6,0,0,0
BRDA:6,1,0,0
BRF:2
BRH:0
end_of_record
TN:
SF:src/shared/exceptions/not-found.exception.ts
FN:5,(anonymous_0)
FNF:1
FNH:0
FNDA:0,(anonymous_0)
DA:2,0
DA:4,0
DA:6,0
LF:3
LH:0
BRF:0
BRH:0
end_of_record
TN:
SF:src/shared/exceptions/validation.exception.ts
FN:11,(anonymous_0)
FN:24,(anonymous_1)
FNF:2
FNH:0
FNDA:0,(anonymous_0)
FNDA:0,(anonymous_1)
DA:2,0
DA:3,0
DA:4,0
DA:19,0
DA:20,0
DA:21,0
DA:25,0
LF:7
LH:0
BRDA:13,0,0,0
BRF:1
BRH:0
end_of_record
TN:
SF:src/shared/utils/logger.util.ts
FN:6,(anonymous_0)
FN:10,(anonymous_1)
FN:14,(anonymous_2)
FN:18,(anonymous_3)
FN:22,(anonymous_4)
FN:26,(anonymous_5)
FN:28,(anonymous_6)
FN:29,(anonymous_7)
FN:30,(anonymous_8)
FN:31,(anonymous_9)
FN:32,(anonymous_10)
FN:37,(anonymous_11)
FNF:12
FNH:0
FNDA:0,(anonymous_0)
FNDA:0,(anonymous_1)
FNDA:0,(anonymous_2)
FNDA:0,(anonymous_3)
FNDA:0,(anonymous_4)
FNDA:0,(anonymous_5)
FNDA:0,(anonymous_6)
FNDA:0,(anonymous_7)
FNDA:0,(anonymous_8)
FNDA:0,(anonymous_9)
FNDA:0,(anonymous_10)
FNDA:0,(anonymous_11)
DA:1,0
DA:3,0
DA:5,0
DA:7,0
DA:11,0
DA:15,0
DA:19,0
DA:23,0
DA:27,0
DA:28,0
DA:29,0
DA:30,0
DA:31,0
DA:32,0
DA:37,0
LF:15
LH:0
BRF:0
BRH:0
end_of_record
TN:
SF:src/shared/utils/validation.util.ts
FN:10,(anonymous_0)
FN:15,(anonymous_1)
FN:30,(anonymous_2)
FN:35,(anonymous_3)
FN:50,(anonymous_4)
FN:81,(anonymous_5)
FN:120,(anonymous_6)
FN:128,(anonymous_7)
FN:160,(anonymous_8)
FN:181,(anonymous_9)
FN:189,(anonymous_10)
FN:207,(anonymous_11)
FN:218,(anonymous_12)
FN:240,(anonymous_13)
FN:248,(anonymous_14)
FNF:15
FNH:0
FNDA:0,(anonymous_0)
FNDA:0,(anonymous_1)
FNDA:0,(anonymous_2)
FNDA:0,(anonymous_3)
FNDA:0,(anonymous_4)
FNDA:0,(anonymous_5)
FNDA:0,(anonymous_6)
FNDA:0,(anonymous_7)
FNDA:0,(anonymous_8)
FNDA:0,(anonymous_9)
FNDA:0,(anonymous_10)
FNDA:0,(anonymous_11)
FNDA:0,(anonymous_12)
FNDA:0,(anonymous_13)
FNDA:0,(anonymous_14)
DA:3,0
DA:4,0
DA:6,0
DA:11,0
DA:12,0
DA:14,0
DA:15,0
DA:21,0
DA:23,0
DA:31,0
DA:32,0
DA:34,0
DA:35,0
DA:41,0
DA:43,0
DA:52,0
DA:55,0
DA:58,0
DA:61,0
DA:62,0
DA:63,0
DA:65,0
DA:66,0
DA:67,0
DA:69,0
DA:70,0
DA:71,0
DA:73,0
DA:74,0
DA:75,0
DA:82,0
DA:84,0
DA:85,0
DA:88,0
DA:89,0
DA:90,0
DA:91,0
DA:92,0
DA:94,0
DA:95,0
DA:96,0
DA:99,0
DA:100,0
DA:103,0
DA:104,0
DA:105,0
DA:106,0
DA:108,0
DA:109,0
DA:110,0
DA:113,0
DA:114,0
DA:121,0
DA:122,0
DA:129,0
DA:131,0
DA:132,0
DA:135,0
DA:136,0
DA:139,0
DA:140,0
DA:143,0
DA:144,0
DA:147,0
DA:148,0
DA:151,0
DA:162,0
DA:165,0
DA:166,0
DA:170,0
DA:171,0
DA:172,0
DA:175,0
DA:182,0
DA:183,0
DA:190,0
DA:191,0
DA:194,0
DA:196,0
DA:197,0
DA:198,0
DA:201,0
DA:208,0
DA:219,0
DA:220,0
DA:222,0
DA:224,0
DA:225,0
DA:226,0
DA:228,0
DA:229,0
DA:230,0
DA:233,0
DA:234,0
DA:241,0
DA:242,0
DA:249,0
LF:97
LH:0
BRDA:14,0,0,0
BRDA:34,1,0,0
BRDA:55,2,0,0
BRDA:58,3,0,0
BRDA:66,4,0,0
BRDA:66,5,0,0
BRDA:66,5,1,0
BRDA:67,6,0,0
BRDA:74,7,0,0
BRDA:74,8,0,0
BRDA:74,8,1,0
BRDA:84,9,0,0
BRDA:85,10,0,0
BRDA:96,11,0,0
BRDA:99,12,0,0
BRDA:99,12,1,0
BRDA:100,13,0,0
BRDA:110,14,0,0
BRDA:113,15,0,0
BRDA:113,15,1,0
BRDA:131,16,0,0
BRDA:135,17,0,0
BRDA:139,18,0,0
BRDA:143,19,0,0
BRDA:147,20,0,0
BRDA:165,21,0,0
BRDA:165,22,0,0
BRDA:165,22,1,0
BRDA:171,23,0,0
BRDA:171,24,0,0
BRDA:171,24,1,0
BRDA:190,25,0,0
BRDA:191,26,0,0
BRDA:191,26,1,0
BRDA:191,26,2,0
BRDA:194,27,0,0
BRDA:198,28,0,0
BRDA:198,28,1,0
BRDA:198,28,2,0
BRDA:222,29,0,0
BRDA:228,30,0,0
BRDA:228,31,0,0
BRDA:228,31,1,0
BRDA:229,32,0,0
BRDA:229,33,0,0
BRDA:229,33,1,0
BRDA:230,34,0,0
BRDA:230,35,0,0
BRDA:230,35,1,0
BRF:49
BRH:0
end_of_record
